<?xml version="1.0" encoding="UTF-8"?>
<coverage generated="1452210246">
  <project timestamp="1452210246">
    <package name="Jade">
      <file name="D:/KyleK/Webcoding/jade-php/src/Jade/Compiler.php">
        <class name="Compiler" namespace="Jade" fullPackage="Jade" package="Jade">
          <metrics methods="36" coveredmethods="0" conditionals="0" coveredconditionals="0" statements="543" coveredstatements="0" elements="579" coveredelements="0"/>
        </class>
        <line num="119" type="method" name="__construct" crap="6" count="0"/>
        <line num="121" type="stmt" count="0"/>
        <line num="122" type="stmt" count="0"/>
        <line num="123" type="stmt" count="0"/>
        <line num="124" type="stmt" count="0"/>
        <line num="125" type="stmt" count="0"/>
        <line num="126" type="stmt" count="0"/>
        <line num="128" type="method" name="strval" crap="6" count="0"/>
        <line num="130" type="stmt" count="0"/>
        <line num="138" type="method" name="compile" crap="6" count="0"/>
        <line num="140" type="stmt" count="0"/>
        <line num="142" type="stmt" count="0"/>
        <line num="145" type="stmt" count="0"/>
        <line num="146" type="stmt" count="0"/>
        <line num="147" type="stmt" count="0"/>
        <line num="149" type="stmt" count="0"/>
        <line num="156" type="method" name="visit" crap="2" count="0"/>
        <line num="159" type="stmt" count="0"/>
        <line num="161" type="stmt" count="0"/>
        <line num="171" type="method" name="apply" crap="42" count="0"/>
        <line num="173" type="stmt" count="0"/>
        <line num="174" type="stmt" count="0"/>
        <line num="175" type="stmt" count="0"/>
        <line num="178" type="stmt" count="0"/>
        <line num="180" type="stmt" count="0"/>
        <line num="181" type="stmt" count="0"/>
        <line num="183" type="stmt" count="0"/>
        <line num="184" type="stmt" count="0"/>
        <line num="186" type="stmt" count="0"/>
        <line num="187" type="stmt" count="0"/>
        <line num="189" type="stmt" count="0"/>
        <line num="190" type="stmt" count="0"/>
        <line num="192" type="stmt" count="0"/>
        <line num="193" type="stmt" count="0"/>
        <line num="194" type="stmt" count="0"/>
        <line num="201" type="method" name="buffer" crap="30" count="0"/>
        <line num="203" type="stmt" count="0"/>
        <line num="204" type="stmt" count="0"/>
        <line num="205" type="stmt" count="0"/>
        <line num="207" type="stmt" count="0"/>
        <line num="208" type="stmt" count="0"/>
        <line num="213" type="method" name="indent" crap="6" count="0"/>
        <line num="215" type="stmt" count="0"/>
        <line num="221" type="method" name="newline" crap="6" count="0"/>
        <line num="223" type="stmt" count="0"/>
        <line num="231" type="method" name="isConstant" crap="56" count="0"/>
        <line num="259" type="stmt" count="0"/>
        <line num="260" type="stmt" count="0"/>
        <line num="261" type="stmt" count="0"/>
        <line num="264" type="stmt" count="0"/>
        <line num="273" type="stmt" count="0"/>
        <line num="275" type="stmt" count="0"/>
        <line num="276" type="stmt" count="0"/>
        <line num="277" type="stmt" count="0"/>
        <line num="278" type="stmt" count="0"/>
        <line num="279" type="stmt" count="0"/>
        <line num="281" type="stmt" count="0"/>
        <line num="289" type="method" name="addDollarIfNeeded" crap="42" count="0"/>
        <line num="291" type="stmt" count="0"/>
        <line num="292" type="stmt" count="0"/>
        <line num="294" type="stmt" count="0"/>
        <line num="295" type="stmt" count="0"/>
        <line num="297" type="stmt" count="0"/>
        <line num="298" type="stmt" count="0"/>
        <line num="299" type="stmt" count="0"/>
        <line num="300" type="stmt" count="0"/>
        <line num="309" type="method" name="handleCode" crap="1722" count="0"/>
        <line num="311" type="stmt" count="0"/>
        <line num="314" type="stmt" count="0"/>
        <line num="316" type="stmt" count="0"/>
        <line num="317" type="stmt" count="0"/>
        <line num="320" type="stmt" count="0"/>
        <line num="321" type="stmt" count="0"/>
        <line num="324" type="stmt" count="0"/>
        <line num="325" type="stmt" count="0"/>
        <line num="328" type="stmt" count="0"/>
        <line num="329" type="stmt" count="0"/>
        <line num="331" type="stmt" count="0"/>
        <line num="332" type="stmt" count="0"/>
        <line num="333" type="stmt" count="0"/>
        <line num="334" type="stmt" count="0"/>
        <line num="335" type="stmt" count="0"/>
        <line num="337" type="stmt" count="0"/>
        <line num="338" type="stmt" count="0"/>
        <line num="339" type="stmt" count="0"/>
        <line num="341" type="stmt" count="0"/>
        <line num="342" type="stmt" count="0"/>
        <line num="343" type="stmt" count="0"/>
        <line num="344" type="stmt" count="0"/>
        <line num="346" type="stmt" count="0"/>
        <line num="350" type="stmt" count="0"/>
        <line num="352" type="stmt" count="0"/>
        <line num="353" type="stmt" count="0"/>
        <line num="357" type="stmt" count="0"/>
        <line num="358" type="stmt" count="0"/>
        <line num="359" type="stmt" count="0"/>
        <line num="360" type="stmt" count="0"/>
        <line num="363" type="stmt" count="0"/>
        <line num="365" type="stmt" count="0"/>
        <line num="366" type="stmt" count="0"/>
        <line num="367" type="stmt" count="0"/>
        <line num="368" type="stmt" count="0"/>
        <line num="369" type="stmt" count="0"/>
        <line num="370" type="stmt" count="0"/>
        <line num="372" type="stmt" count="0"/>
        <line num="374" type="stmt" count="0"/>
        <line num="375" type="stmt" count="0"/>
        <line num="377" type="stmt" count="0"/>
        <line num="378" type="stmt" count="0"/>
        <line num="381" type="stmt" count="0"/>
        <line num="383" type="stmt" count="0"/>
        <line num="384" type="stmt" count="0"/>
        <line num="386" type="stmt" count="0"/>
        <line num="389" type="stmt" count="0"/>
        <line num="390" type="stmt" count="0"/>
        <line num="393" type="stmt" count="0"/>
        <line num="394" type="stmt" count="0"/>
        <line num="396" type="stmt" count="0"/>
        <line num="397" type="stmt" count="0"/>
        <line num="398" type="stmt" count="0"/>
        <line num="399" type="stmt" count="0"/>
        <line num="401" type="stmt" count="0"/>
        <line num="402" type="stmt" count="0"/>
        <line num="406" type="stmt" count="0"/>
        <line num="409" type="stmt" count="0"/>
        <line num="411" type="stmt" count="0"/>
        <line num="412" type="stmt" count="0"/>
        <line num="414" type="stmt" count="0"/>
        <line num="416" type="stmt" count="0"/>
        <line num="418" type="stmt" count="0"/>
        <line num="419" type="stmt" count="0"/>
        <line num="420" type="stmt" count="0"/>
        <line num="422" type="stmt" count="0"/>
        <line num="423" type="stmt" count="0"/>
        <line num="425" type="stmt" count="0"/>
        <line num="427" type="stmt" count="0"/>
        <line num="428" type="stmt" count="0"/>
        <line num="431" type="stmt" count="0"/>
        <line num="432" type="stmt" count="0"/>
        <line num="434" type="stmt" count="0"/>
        <line num="435" type="stmt" count="0"/>
        <line num="438" type="stmt" count="0"/>
        <line num="439" type="stmt" count="0"/>
        <line num="441" type="stmt" count="0"/>
        <line num="444" type="stmt" count="0"/>
        <line num="447" type="stmt" count="0"/>
        <line num="449" type="stmt" count="0"/>
        <line num="451" type="stmt" count="0"/>
        <line num="453" type="stmt" count="0"/>
        <line num="454" type="stmt" count="0"/>
        <line num="466" type="stmt" count="0"/>
        <line num="467" type="stmt" count="0"/>
        <line num="468" type="stmt" count="0"/>
        <line num="469" type="stmt" count="0"/>
        <line num="470" type="stmt" count="0"/>
        <line num="471" type="stmt" count="0"/>
        <line num="472" type="stmt" count="0"/>
        <line num="473" type="stmt" count="0"/>
        <line num="474" type="stmt" count="0"/>
        <line num="475" type="stmt" count="0"/>
        <line num="476" type="stmt" count="0"/>
        <line num="478" type="stmt" count="0"/>
        <line num="481" type="stmt" count="0"/>
        <line num="482" type="stmt" count="0"/>
        <line num="484" type="stmt" count="0"/>
        <line num="487" type="stmt" count="0"/>
        <line num="495" type="stmt" count="0"/>
        <line num="496" type="stmt" count="0"/>
        <line num="497" type="stmt" count="0"/>
        <line num="498" type="stmt" count="0"/>
        <line num="499" type="stmt" count="0"/>
        <line num="500" type="stmt" count="0"/>
        <line num="501" type="stmt" count="0"/>
        <line num="504" type="stmt" count="0"/>
        <line num="506" type="stmt" count="0"/>
        <line num="507" type="stmt" count="0"/>
        <line num="508" type="stmt" count="0"/>
        <line num="509" type="stmt" count="0"/>
        <line num="510" type="stmt" count="0"/>
        <line num="512" type="stmt" count="0"/>
        <line num="513" type="stmt" count="0"/>
        <line num="514" type="stmt" count="0"/>
        <line num="516" type="stmt" count="0"/>
        <line num="524" type="method" name="handleString" crap="20" count="0"/>
        <line num="526" type="stmt" count="0"/>
        <line num="527" type="stmt" count="0"/>
        <line num="529" type="stmt" count="0"/>
        <line num="530" type="stmt" count="0"/>
        <line num="531" type="stmt" count="0"/>
        <line num="532" type="stmt" count="0"/>
        <line num="533" type="stmt" count="0"/>
        <line num="534" type="stmt" count="0"/>
        <line num="536" type="stmt" count="0"/>
        <line num="547" type="stmt" count="0"/>
        <line num="549" type="stmt" count="0"/>
        <line num="550" type="stmt" count="0"/>
        <line num="551" type="stmt" count="0"/>
        <line num="553" type="stmt" count="0"/>
        <line num="555" type="stmt" count="0"/>
        <line num="556" type="stmt" count="0"/>
        <line num="558" type="stmt" count="0"/>
        <line num="559" type="stmt" count="0"/>
        <line num="561" type="stmt" count="0"/>
        <line num="563" type="stmt" count="0"/>
        <line num="565" type="stmt" count="0"/>
        <line num="572" type="method" name="interpolate" crap="30" count="0"/>
        <line num="574" type="stmt" count="0"/>
        <line num="576" type="stmt" count="0"/>
        <line num="577" type="stmt" count="0"/>
        <line num="580" type="stmt" count="0"/>
        <line num="581" type="stmt" count="0"/>
        <line num="584" type="stmt" count="0"/>
        <line num="585" type="stmt" count="0"/>
        <line num="586" type="stmt" count="0"/>
        <line num="587" type="stmt" count="0"/>
        <line num="588" type="stmt" count="0"/>
        <line num="590" type="stmt" count="0"/>
        <line num="591" type="stmt" count="0"/>
        <line num="592" type="stmt" count="0"/>
        <line num="594" type="stmt" count="0"/>
        <line num="597" type="method" name="getPropertyFromAnything" crap="30" count="0"/>
        <line num="599" type="stmt" count="0"/>
        <line num="600" type="stmt" count="0"/>
        <line num="602" type="stmt" count="0"/>
        <line num="603" type="stmt" count="0"/>
        <line num="605" type="stmt" count="0"/>
        <line num="608" type="method" name="convertVarPathCallback" crap="30" count="0"/>
        <line num="609" type="stmt" count="0"/>
        <line num="610" type="stmt" count="0"/>
        <line num="611" type="stmt" count="0"/>
        <line num="612" type="stmt" count="0"/>
        <line num="613" type="stmt" count="0"/>
        <line num="614" type="stmt" count="0"/>
        <line num="616" type="stmt" count="0"/>
        <line num="617" type="stmt" count="0"/>
        <line num="618" type="stmt" count="0"/>
        <line num="619" type="stmt" count="0"/>
        <line num="621" type="stmt" count="0"/>
        <line num="624" type="method" name="convertVarPath" crap="2" count="0"/>
        <line num="626" type="stmt" count="0"/>
        <line num="627" type="stmt" count="0"/>
        <line num="628" type="stmt" count="0"/>
        <line num="629" type="stmt" count="0"/>
        <line num="631" type="stmt" count="0"/>
        <line num="638" type="method" name="createStatements" crap="110" count="0"/>
        <line num="640" type="stmt" count="0"/>
        <line num="641" type="stmt" count="0"/>
        <line num="644" type="stmt" count="0"/>
        <line num="645" type="stmt" count="0"/>
        <line num="646" type="stmt" count="0"/>
        <line num="648" type="stmt" count="0"/>
        <line num="650" type="stmt" count="0"/>
        <line num="653" type="stmt" count="0"/>
        <line num="654" type="stmt" count="0"/>
        <line num="655" type="stmt" count="0"/>
        <line num="658" type="stmt" count="0"/>
        <line num="659" type="stmt" count="0"/>
        <line num="660" type="stmt" count="0"/>
        <line num="661" type="stmt" count="0"/>
        <line num="662" type="stmt" count="0"/>
        <line num="666" type="stmt" count="0"/>
        <line num="667" type="stmt" count="0"/>
        <line num="668" type="stmt" count="0"/>
        <line num="671" type="stmt" count="0"/>
        <line num="672" type="stmt" count="0"/>
        <line num="673" type="stmt" count="0"/>
        <line num="676" type="stmt" count="0"/>
        <line num="678" type="stmt" count="0"/>
        <line num="683" type="stmt" count="0"/>
        <line num="685" type="stmt" count="0"/>
        <line num="687" type="stmt" count="0"/>
        <line num="692" type="stmt" count="0"/>
        <line num="693" type="stmt" count="0"/>
        <line num="694" type="stmt" count="0"/>
        <line num="696" type="stmt" count="0"/>
        <line num="698" type="stmt" count="0"/>
        <line num="705" type="method" name="createPhpBlock" crap="20" count="0"/>
        <line num="707" type="stmt" count="0"/>
        <line num="708" type="stmt" count="0"/>
        <line num="711" type="stmt" count="0"/>
        <line num="712" type="stmt" count="0"/>
        <line num="714" type="stmt" count="0"/>
        <line num="715" type="stmt" count="0"/>
        <line num="717" type="stmt" count="0"/>
        <line num="720" type="stmt" count="0"/>
        <line num="721" type="stmt" count="0"/>
        <line num="722" type="stmt" count="0"/>
        <line num="723" type="stmt" count="0"/>
        <line num="725" type="stmt" count="0"/>
        <line num="726" type="stmt" count="0"/>
        <line num="728" type="stmt" count="0"/>
        <line num="729" type="stmt" count="0"/>
        <line num="730" type="stmt" count="0"/>
        <line num="732" type="stmt" count="0"/>
        <line num="739" type="method" name="createCode" crap="6" count="0"/>
        <line num="741" type="stmt" count="0"/>
        <line num="742" type="stmt" count="0"/>
        <line num="743" type="stmt" count="0"/>
        <line num="744" type="stmt" count="0"/>
        <line num="746" type="stmt" count="0"/>
        <line num="749" type="stmt" count="0"/>
        <line num="757" type="method" name="visitNode" crap="2" count="0"/>
        <line num="759" type="stmt" count="0"/>
        <line num="760" type="stmt" count="0"/>
        <line num="761" type="stmt" count="0"/>
        <line num="762" type="stmt" count="0"/>
        <line num="764" type="stmt" count="0"/>
        <line num="770" type="method" name="visitCasenode" crap="2" count="0"/>
        <line num="772" type="stmt" count="0"/>
        <line num="773" type="stmt" count="0"/>
        <line num="777" type="stmt" count="0"/>
        <line num="778" type="stmt" count="0"/>
        <line num="779" type="stmt" count="0"/>
        <line num="781" type="stmt" count="0"/>
        <line num="782" type="stmt" count="0"/>
        <line num="783" type="stmt" count="0"/>
        <line num="785" type="stmt" count="0"/>
        <line num="786" type="stmt" count="0"/>
        <line num="787" type="stmt" count="0"/>
        <line num="788" type="stmt" count="0"/>
        <line num="793" type="method" name="visitWhen" crap="6" count="0"/>
        <line num="795" type="stmt" count="0"/>
        <line num="796" type="stmt" count="0"/>
        <line num="797" type="stmt" count="0"/>
        <line num="798" type="stmt" count="0"/>
        <line num="799" type="stmt" count="0"/>
        <line num="800" type="stmt" count="0"/>
        <line num="803" type="stmt" count="0"/>
        <line num="805" type="stmt" count="0"/>
        <line num="806" type="stmt" count="0"/>
        <line num="807" type="stmt" count="0"/>
        <line num="812" type="method" name="visitLiteral" crap="2" count="0"/>
        <line num="814" type="stmt" count="0"/>
        <line num="815" type="stmt" count="0"/>
        <line num="816" type="stmt" count="0"/>
        <line num="821" type="method" name="visitBlock" crap="6" count="0"/>
        <line num="823" type="stmt" count="0"/>
        <line num="824" type="stmt" count="0"/>
        <line num="825" type="stmt" count="0"/>
        <line num="826" type="stmt" count="0"/>
        <line num="832" type="method" name="visitDoctype" crap="72" count="0"/>
        <line num="834" type="stmt" count="0"/>
        <line num="835" type="stmt" count="0"/>
        <line num="837" type="stmt" count="0"/>
        <line num="839" type="stmt" count="0"/>
        <line num="840" type="stmt" count="0"/>
        <line num="841" type="stmt" count="0"/>
        <line num="842" type="stmt" count="0"/>
        <line num="845" type="stmt" count="0"/>
        <line num="846" type="stmt" count="0"/>
        <line num="847" type="stmt" count="0"/>
        <line num="848" type="stmt" count="0"/>
        <line num="851" type="stmt" count="0"/>
        <line num="853" type="stmt" count="0"/>
        <line num="854" type="stmt" count="0"/>
        <line num="855" type="stmt" count="0"/>
        <line num="857" type="stmt" count="0"/>
        <line num="858" type="stmt" count="0"/>
        <line num="859" type="stmt" count="0"/>
        <line num="860" type="stmt" count="0"/>
        <line num="861" type="stmt" count="0"/>
        <line num="863" type="method" name="initArgToNull" crap="6" count="0"/>
        <line num="864" type="stmt" count="0"/>
        <line num="865" type="stmt" count="0"/>
        <line num="866" type="stmt" count="0"/>
        <line num="867" type="stmt" count="0"/>
        <line num="868" type="stmt" count="0"/>
        <line num="873" type="method" name="visitMixin" crap="210" count="0"/>
        <line num="875" type="stmt" count="0"/>
        <line num="876" type="stmt" count="0"/>
        <line num="877" type="stmt" count="0"/>
        <line num="878" type="stmt" count="0"/>
        <line num="879" type="stmt" count="0"/>
        <line num="880" type="stmt" count="0"/>
        <line num="881" type="stmt" count="0"/>
        <line num="883" type="stmt" count="0"/>
        <line num="885" type="stmt" count="0"/>
        <line num="886" type="stmt" count="0"/>
        <line num="887" type="stmt" count="0"/>
        <line num="888" type="stmt" count="0"/>
        <line num="889" type="stmt" count="0"/>
        <line num="890" type="stmt" count="0"/>
        <line num="891" type="stmt" count="0"/>
        <line num="892" type="stmt" count="0"/>
        <line num="893" type="stmt" count="0"/>
        <line num="895" type="stmt" count="0"/>
        <line num="898" type="stmt" count="0"/>
        <line num="899" type="stmt" count="0"/>
        <line num="902" type="stmt" count="0"/>
        <line num="903" type="stmt" count="0"/>
        <line num="904" type="stmt" count="0"/>
        <line num="906" type="stmt" count="0"/>
        <line num="907" type="stmt" count="0"/>
        <line num="908" type="stmt" count="0"/>
        <line num="909" type="stmt" count="0"/>
        <line num="912" type="stmt" count="0"/>
        <line num="913" type="stmt" count="0"/>
        <line num="914" type="stmt" count="0"/>
        <line num="915" type="stmt" count="0"/>
        <line num="917" type="stmt" count="0"/>
        <line num="919" type="stmt" count="0"/>
        <line num="922" type="stmt" count="0"/>
        <line num="923" type="stmt" count="0"/>
        <line num="924" type="method" name="anonymous function" crap="2" count="0"/>
        <line num="926" type="stmt" count="0"/>
        <line num="927" type="stmt" count="0"/>
        <line num="929" type="stmt" count="0"/>
        <line num="930" type="stmt" count="0"/>
        <line num="931" type="stmt" count="0"/>
        <line num="932" type="stmt" count="0"/>
        <line num="933" type="stmt" count="0"/>
        <line num="935" type="stmt" count="0"/>
        <line num="936" type="stmt" count="0"/>
        <line num="938" type="stmt" count="0"/>
        <line num="939" type="stmt" count="0"/>
        <line num="940" type="stmt" count="0"/>
        <line num="942" type="stmt" count="0"/>
        <line num="943" type="stmt" count="0"/>
        <line num="944" type="stmt" count="0"/>
        <line num="946" type="stmt" count="0"/>
        <line num="948" type="stmt" count="0"/>
        <line num="950" type="stmt" count="0"/>
        <line num="951" type="stmt" count="0"/>
        <line num="952" type="stmt" count="0"/>
        <line num="953" type="stmt" count="0"/>
        <line num="954" type="stmt" count="0"/>
        <line num="955" type="stmt" count="0"/>
        <line num="956" type="stmt" count="0"/>
        <line num="958" type="stmt" count="0"/>
        <line num="959" type="stmt" count="0"/>
        <line num="960" type="stmt" count="0"/>
        <line num="961" type="stmt" count="0"/>
        <line num="962" type="stmt" count="0"/>
        <line num="963" type="stmt" count="0"/>
        <line num="965" type="stmt" count="0"/>
        <line num="966" type="stmt" count="0"/>
        <line num="967" type="stmt" count="0"/>
        <line num="968" type="stmt" count="0"/>
        <line num="969" type="stmt" count="0"/>
        <line num="970" type="stmt" count="0"/>
        <line num="971" type="stmt" count="0"/>
        <line num="973" type="stmt" count="0"/>
        <line num="974" type="stmt" count="0"/>
        <line num="975" type="stmt" count="0"/>
        <line num="976" type="stmt" count="0"/>
        <line num="977" type="stmt" count="0"/>
        <line num="980" type="stmt" count="0"/>
        <line num="985" type="method" name="visitTag" crap="210" count="0"/>
        <line num="987" type="stmt" count="0"/>
        <line num="988" type="stmt" count="0"/>
        <line num="989" type="stmt" count="0"/>
        <line num="991" type="stmt" count="0"/>
        <line num="993" type="stmt" count="0"/>
        <line num="994" type="stmt" count="0"/>
        <line num="995" type="stmt" count="0"/>
        <line num="996" type="stmt" count="0"/>
        <line num="998" type="stmt" count="0"/>
        <line num="999" type="stmt" count="0"/>
        <line num="1000" type="stmt" count="0"/>
        <line num="1001" type="stmt" count="0"/>
        <line num="1002" type="stmt" count="0"/>
        <line num="1003" type="stmt" count="0"/>
        <line num="1004" type="stmt" count="0"/>
        <line num="1007" type="stmt" count="0"/>
        <line num="1008" type="stmt" count="0"/>
        <line num="1009" type="stmt" count="0"/>
        <line num="1010" type="stmt" count="0"/>
        <line num="1012" type="stmt" count="0"/>
        <line num="1013" type="stmt" count="0"/>
        <line num="1014" type="stmt" count="0"/>
        <line num="1015" type="stmt" count="0"/>
        <line num="1018" type="stmt" count="0"/>
        <line num="1021" type="stmt" count="0"/>
        <line num="1022" type="stmt" count="0"/>
        <line num="1023" type="stmt" count="0"/>
        <line num="1024" type="stmt" count="0"/>
        <line num="1025" type="stmt" count="0"/>
        <line num="1026" type="stmt" count="0"/>
        <line num="1027" type="stmt" count="0"/>
        <line num="1029" type="stmt" count="0"/>
        <line num="1030" type="stmt" count="0"/>
        <line num="1032" type="stmt" count="0"/>
        <line num="1033" type="stmt" count="0"/>
        <line num="1034" type="stmt" count="0"/>
        <line num="1035" type="stmt" count="0"/>
        <line num="1041" type="method" name="visitFilter" crap="20" count="0"/>
        <line num="1044" type="stmt" count="0"/>
        <line num="1045" type="stmt" count="0"/>
        <line num="1048" type="stmt" count="0"/>
        <line num="1051" type="stmt" count="0"/>
        <line num="1052" type="stmt" count="0"/>
        <line num="1053" type="stmt" count="0"/>
        <line num="1054" type="stmt" count="0"/>
        <line num="1055" type="stmt" count="0"/>
        <line num="1057" type="stmt" count="0"/>
        <line num="1058" type="stmt" count="0"/>
        <line num="1063" type="method" name="visitText" crap="2" count="0"/>
        <line num="1065" type="stmt" count="0"/>
        <line num="1066" type="stmt" count="0"/>
        <line num="1071" type="method" name="visitComment" crap="6" count="0"/>
        <line num="1073" type="stmt" count="0"/>
        <line num="1074" type="stmt" count="0"/>
        <line num="1075" type="stmt" count="0"/>
        <line num="1076" type="stmt" count="0"/>
        <line num="1081" type="method" name="visitBlockComment" crap="20" count="0"/>
        <line num="1083" type="stmt" count="0"/>
        <line num="1084" type="stmt" count="0"/>
        <line num="1087" type="stmt" count="0"/>
        <line num="1088" type="stmt" count="0"/>
        <line num="1089" type="stmt" count="0"/>
        <line num="1090" type="stmt" count="0"/>
        <line num="1091" type="stmt" count="0"/>
        <line num="1092" type="stmt" count="0"/>
        <line num="1093" type="stmt" count="0"/>
        <line num="1094" type="stmt" count="0"/>
        <line num="1096" type="stmt" count="0"/>
        <line num="1101" type="method" name="visitCode" crap="210" count="0"/>
        <line num="1103" type="stmt" count="0"/>
        <line num="1105" type="stmt" count="0"/>
        <line num="1107" type="stmt" count="0"/>
        <line num="1108" type="stmt" count="0"/>
        <line num="1109" type="stmt" count="0"/>
        <line num="1112" type="stmt" count="0"/>
        <line num="1114" type="stmt" count="0"/>
        <line num="1116" type="stmt" count="0"/>
        <line num="1117" type="stmt" count="0"/>
        <line num="1118" type="stmt" count="0"/>
        <line num="1119" type="stmt" count="0"/>
        <line num="1121" type="stmt" count="0"/>
        <line num="1122" type="stmt" count="0"/>
        <line num="1124" type="stmt" count="0"/>
        <line num="1126" type="stmt" count="0"/>
        <line num="1127" type="stmt" count="0"/>
        <line num="1128" type="stmt" count="0"/>
        <line num="1130" type="stmt" count="0"/>
        <line num="1132" type="stmt" count="0"/>
        <line num="1133" type="stmt" count="0"/>
        <line num="1134" type="stmt" count="0"/>
        <line num="1135" type="stmt" count="0"/>
        <line num="1136" type="stmt" count="0"/>
        <line num="1137" type="stmt" count="0"/>
        <line num="1139" type="stmt" count="0"/>
        <line num="1140" type="stmt" count="0"/>
        <line num="1141" type="stmt" count="0"/>
        <line num="1142" type="stmt" count="0"/>
        <line num="1144" type="stmt" count="0"/>
        <line num="1147" type="stmt" count="0"/>
        <line num="1148" type="stmt" count="0"/>
        <line num="1152" type="stmt" count="0"/>
        <line num="1153" type="stmt" count="0"/>
        <line num="1154" type="stmt" count="0"/>
        <line num="1155" type="stmt" count="0"/>
        <line num="1157" type="stmt" count="0"/>
        <line num="1158" type="stmt" count="0"/>
        <line num="1159" type="stmt" count="0"/>
        <line num="1160" type="stmt" count="0"/>
        <line num="1161" type="stmt" count="0"/>
        <line num="1166" type="method" name="visitEach" crap="30" count="0"/>
        <line num="1172" type="stmt" count="0"/>
        <line num="1173" type="stmt" count="0"/>
        <line num="1174" type="stmt" count="0"/>
        <line num="1175" type="stmt" count="0"/>
        <line num="1176" type="stmt" count="0"/>
        <line num="1178" type="stmt" count="0"/>
        <line num="1179" type="stmt" count="0"/>
        <line num="1180" type="stmt" count="0"/>
        <line num="1181" type="stmt" count="0"/>
        <line num="1184" type="stmt" count="0"/>
        <line num="1186" type="stmt" count="0"/>
        <line num="1187" type="stmt" count="0"/>
        <line num="1188" type="stmt" count="0"/>
        <line num="1190" type="stmt" count="0"/>
        <line num="1192" type="stmt" count="0"/>
        <line num="1193" type="stmt" count="0"/>
        <line num="1194" type="stmt" count="0"/>
        <line num="1195" type="stmt" count="0"/>
        <line num="1197" type="stmt" count="0"/>
        <line num="1198" type="stmt" count="0"/>
        <line num="1200" type="stmt" count="0"/>
        <line num="1201" type="stmt" count="0"/>
        <line num="1202" type="stmt" count="0"/>
        <line num="1207" type="method" name="visitAttributes" crap="380" count="0"/>
        <line num="1209" type="stmt" count="0"/>
        <line num="1210" type="stmt" count="0"/>
        <line num="1212" type="stmt" count="0"/>
        <line num="1213" type="stmt" count="0"/>
        <line num="1214" type="stmt" count="0"/>
        <line num="1216" type="stmt" count="0"/>
        <line num="1217" type="stmt" count="0"/>
        <line num="1218" type="stmt" count="0"/>
        <line num="1219" type="stmt" count="0"/>
        <line num="1220" type="stmt" count="0"/>
        <line num="1221" type="stmt" count="0"/>
        <line num="1223" type="stmt" count="0"/>
        <line num="1224" type="stmt" count="0"/>
        <line num="1225" type="stmt" count="0"/>
        <line num="1227" type="stmt" count="0"/>
        <line num="1228" type="stmt" count="0"/>
        <line num="1230" type="stmt" count="0"/>
        <line num="1231" type="stmt" count="0"/>
        <line num="1232" type="stmt" count="0"/>
        <line num="1233" type="stmt" count="0"/>
        <line num="1236" type="stmt" count="0"/>
        <line num="1239" type="stmt" count="0"/>
        <line num="1240" type="stmt" count="0"/>
        <line num="1241" type="stmt" count="0"/>
        <line num="1242" type="stmt" count="0"/>
        <line num="1243" type="stmt" count="0"/>
        <line num="1244" type="stmt" count="0"/>
        <line num="1245" type="stmt" count="0"/>
        <line num="1246" type="stmt" count="0"/>
        <line num="1248" type="stmt" count="0"/>
        <line num="1249" type="stmt" count="0"/>
        <line num="1250" type="stmt" count="0"/>
        <line num="1251" type="stmt" count="0"/>
        <line num="1253" type="stmt" count="0"/>
        <line num="1254" type="stmt" count="0"/>
        <line num="1255" type="stmt" count="0"/>
        <line num="1257" type="stmt" count="0"/>
        <line num="1258" type="stmt" count="0"/>
        <metrics loc="1259" ncloc="908" classes="1" methods="36" coveredmethods="0" conditionals="0" coveredconditionals="0" statements="584" coveredstatements="0" elements="620" coveredelements="0"/>
      </file>
      <file name="D:/KyleK/Webcoding/jade-php/src/Jade/Jade.php">
        <class name="Jade" namespace="Jade" fullPackage="Jade" package="Jade">
          <metrics methods="7" coveredmethods="0" conditionals="0" coveredconditionals="0" statements="40" coveredstatements="0" elements="47" coveredelements="0"/>
        </class>
        <line num="51" type="method" name="__construct" crap="2" count="0"/>
        <line num="53" type="stmt" count="0"/>
        <line num="54" type="stmt" count="0"/>
        <line num="63" type="method" name="filter" crap="2" count="0"/>
        <line num="65" type="stmt" count="0"/>
        <line num="66" type="stmt" count="0"/>
        <line num="73" type="method" name="hasFilter" crap="2" count="0"/>
        <line num="75" type="stmt" count="0"/>
        <line num="82" type="method" name="compile" crap="2" count="0"/>
        <line num="84" type="stmt" count="0"/>
        <line num="85" type="stmt" count="0"/>
        <line num="87" type="stmt" count="0"/>
        <line num="95" type="method" name="render" crap="12" count="0"/>
        <line num="97" type="stmt" count="0"/>
        <line num="99" type="stmt" count="0"/>
        <line num="100" type="stmt" count="0"/>
        <line num="103" type="stmt" count="0"/>
        <line num="105" type="stmt" count="0"/>
        <line num="107" type="stmt" count="0"/>
        <line num="108" type="stmt" count="0"/>
        <line num="111" type="stmt" count="0"/>
        <line num="120" type="method" name="stream" crap="12" count="0"/>
        <line num="122" type="stmt" count="0"/>
        <line num="123" type="stmt" count="0"/>
        <line num="124" type="stmt" count="0"/>
        <line num="125" type="stmt" count="0"/>
        <line num="126" type="stmt" count="0"/>
        <line num="128" type="stmt" count="0"/>
        <line num="138" type="method" name="cache" crap="72" count="0"/>
        <line num="140" type="stmt" count="0"/>
        <line num="141" type="stmt" count="0"/>
        <line num="142" type="stmt" count="0"/>
        <line num="145" type="stmt" count="0"/>
        <line num="147" type="stmt" count="0"/>
        <line num="148" type="stmt" count="0"/>
        <line num="149" type="stmt" count="0"/>
        <line num="152" type="stmt" count="0"/>
        <line num="153" type="stmt" count="0"/>
        <line num="156" type="stmt" count="0"/>
        <line num="157" type="stmt" count="0"/>
        <line num="158" type="stmt" count="0"/>
        <line num="161" type="stmt" count="0"/>
        <line num="162" type="stmt" count="0"/>
        <line num="163" type="stmt" count="0"/>
        <line num="166" type="stmt" count="0"/>
        <line num="167" type="stmt" count="0"/>
        <line num="169" type="stmt" count="0"/>
        <metrics loc="171" ncloc="116" classes="1" methods="7" coveredmethods="0" conditionals="0" coveredconditionals="0" statements="40" coveredstatements="0" elements="47" coveredelements="0"/>
      </file>
      <file name="D:/KyleK/Webcoding/jade-php/src/Jade/Lexer.php">
        <class name="Lexer" namespace="Jade" fullPackage="Jade" package="Jade">
          <metrics methods="45" coveredmethods="0" conditionals="0" coveredconditionals="0" statements="363" coveredstatements="0" elements="408" coveredelements="0"/>
        </class>
        <line num="42" type="method" name="__construct" crap="2" count="0"/>
        <line num="44" type="stmt" count="0"/>
        <line num="45" type="stmt" count="0"/>
        <line num="52" type="method" name="setInput" crap="2" count="0"/>
        <line num="54" type="stmt" count="0"/>
        <line num="55" type="stmt" count="0"/>
        <line num="56" type="stmt" count="0"/>
        <line num="57" type="stmt" count="0"/>
        <line num="58" type="stmt" count="0"/>
        <line num="59" type="stmt" count="0"/>
        <line num="69" type="method" name="token" crap="2" count="0"/>
        <line num="73" type="stmt" count="0"/>
        <line num="74" type="stmt" count="0"/>
        <line num="75" type="stmt" count="0"/>
        <line num="81" type="method" name="length" crap="2" count="0"/>
        <line num="83" type="stmt" count="0"/>
        <line num="91" type="method" name="consume" crap="2" count="0"/>
        <line num="93" type="stmt" count="0"/>
        <line num="94" type="stmt" count="0"/>
        <line num="101" type="method" name="normalizeCode" crap="12" count="0"/>
        <line num="105" type="stmt" count="0"/>
        <line num="111" type="method" name="scan" crap="20" count="0"/>
        <line num="113" type="stmt" count="0"/>
        <line num="114" type="stmt" count="0"/>
        <line num="116" type="stmt" count="0"/>
        <line num="118" type="stmt" count="0"/>
        <line num="125" type="method" name="defer" crap="2" count="0"/>
        <line num="127" type="stmt" count="0"/>
        <line num="128" type="stmt" count="0"/>
        <line num="137" type="method" name="lookahead" crap="6" count="0"/>
        <line num="139" type="stmt" count="0"/>
        <line num="141" type="stmt" count="0"/>
        <line num="142" type="stmt" count="0"/>
        <line num="143" type="stmt" count="0"/>
        <line num="145" type="stmt" count="0"/>
        <line num="153" type="method" name="getStashed" crap="6" count="0"/>
        <line num="155" type="stmt" count="0"/>
        <line num="163" type="method" name="deferred" crap="6" count="0"/>
        <line num="165" type="stmt" count="0"/>
        <line num="173" type="method" name="advance" crap="6" count="0"/>
        <line num="175" type="stmt" count="0"/>
        <line num="176" type="stmt" count="0"/>
        <line num="178" type="stmt" count="0"/>
        <line num="186" type="method" name="next" crap="2" count="0"/>
        <line num="188" type="stmt" count="0"/>
        <line num="196" type="method" name="scanEOS" crap="12" count="0"/>
        <line num="198" type="stmt" count="0"/>
        <line num="200" type="stmt" count="0"/>
        <line num="201" type="stmt" count="0"/>
        <line num="203" type="stmt" count="0"/>
        <line num="206" type="stmt" count="0"/>
        <line num="208" type="stmt" count="0"/>
        <line num="213" type="method" name="scanBlank" crap="12" count="0"/>
        <line num="216" type="stmt" count="0"/>
        <line num="217" type="stmt" count="0"/>
        <line num="218" type="stmt" count="0"/>
        <line num="220" type="stmt" count="0"/>
        <line num="221" type="stmt" count="0"/>
        <line num="224" type="stmt" count="0"/>
        <line num="226" type="stmt" count="0"/>
        <line num="233" type="method" name="scanComment" crap="12" count="0"/>
        <line num="235" type="stmt" count="0"/>
        <line num="236" type="stmt" count="0"/>
        <line num="237" type="stmt" count="0"/>
        <line num="238" type="stmt" count="0"/>
        <line num="240" type="stmt" count="0"/>
        <line num="242" type="stmt" count="0"/>
        <line num="247" type="method" name="scanInterpolation" crap="2" count="0"/>
        <line num="249" type="stmt" count="0"/>
        <line num="255" type="method" name="scanTag" crap="42" count="0"/>
        <line num="257" type="stmt" count="0"/>
        <line num="258" type="stmt" count="0"/>
        <line num="259" type="stmt" count="0"/>
        <line num="261" type="stmt" count="0"/>
        <line num="263" type="stmt" count="0"/>
        <line num="264" type="stmt" count="0"/>
        <line num="265" type="stmt" count="0"/>
        <line num="267" type="stmt" count="0"/>
        <line num="268" type="stmt" count="0"/>
        <line num="269" type="stmt" count="0"/>
        <line num="272" type="stmt" count="0"/>
        <line num="274" type="stmt" count="0"/>
        <line num="276" type="stmt" count="0"/>
        <line num="281" type="method" name="scanFilter" crap="2" count="0"/>
        <line num="283" type="stmt" count="0"/>
        <line num="289" type="method" name="scanDoctype" crap="2" count="0"/>
        <line num="291" type="stmt" count="0"/>
        <line num="297" type="method" name="scanId" crap="2" count="0"/>
        <line num="299" type="stmt" count="0"/>
        <line num="305" type="method" name="scanClassName" crap="2" count="0"/>
        <line num="323" type="stmt" count="0"/>
        <line num="329" type="method" name="scanText" crap="2" count="0"/>
        <line num="331" type="stmt" count="0"/>
        <line num="337" type="method" name="scanExtends" crap="2" count="0"/>
        <line num="339" type="stmt" count="0"/>
        <line num="345" type="method" name="scanPrepend" crap="6" count="0"/>
        <line num="347" type="stmt" count="0"/>
        <line num="348" type="stmt" count="0"/>
        <line num="349" type="stmt" count="0"/>
        <line num="350" type="stmt" count="0"/>
        <line num="352" type="stmt" count="0"/>
        <line num="354" type="stmt" count="0"/>
        <line num="359" type="method" name="scanAppend" crap="6" count="0"/>
        <line num="361" type="stmt" count="0"/>
        <line num="362" type="stmt" count="0"/>
        <line num="363" type="stmt" count="0"/>
        <line num="364" type="stmt" count="0"/>
        <line num="366" type="stmt" count="0"/>
        <line num="368" type="stmt" count="0"/>
        <line num="373" type="method" name="scanBlock" crap="12" count="0"/>
        <line num="375" type="stmt" count="0"/>
        <line num="376" type="stmt" count="0"/>
        <line num="377" type="stmt" count="0"/>
        <line num="378" type="stmt" count="0"/>
        <line num="380" type="stmt" count="0"/>
        <line num="382" type="stmt" count="0"/>
        <line num="387" type="method" name="scanYield" crap="2" count="0"/>
        <line num="389" type="stmt" count="0"/>
        <line num="395" type="method" name="scanInclude" crap="2" count="0"/>
        <line num="397" type="stmt" count="0"/>
        <line num="403" type="method" name="scanCase" crap="2" count="0"/>
        <line num="405" type="stmt" count="0"/>
        <line num="411" type="method" name="scanWhen" crap="2" count="0"/>
        <line num="413" type="stmt" count="0"/>
        <line num="419" type="method" name="scanDefault" crap="2" count="0"/>
        <line num="421" type="stmt" count="0"/>
        <line num="427" type="method" name="scanAssignment" crap="12" count="0"/>
        <line num="429" type="stmt" count="0"/>
        <line num="430" type="stmt" count="0"/>
        <line num="432" type="stmt" count="0"/>
        <line num="434" type="stmt" count="0"/>
        <line num="439" type="method" name="scanCall" crap="12" count="0"/>
        <line num="441" type="stmt" count="0"/>
        <line num="442" type="stmt" count="0"/>
        <line num="443" type="stmt" count="0"/>
        <line num="446" type="stmt" count="0"/>
        <line num="447" type="stmt" count="0"/>
        <line num="448" type="stmt" count="0"/>
        <line num="449" type="stmt" count="0"/>
        <line num="451" type="stmt" count="0"/>
        <line num="453" type="stmt" count="0"/>
        <line num="458" type="method" name="scanMixin" crap="12" count="0"/>
        <line num="460" type="stmt" count="0"/>
        <line num="461" type="stmt" count="0"/>
        <line num="462" type="stmt" count="0"/>
        <line num="463" type="stmt" count="0"/>
        <line num="465" type="stmt" count="0"/>
        <line num="467" type="stmt" count="0"/>
        <line num="472" type="method" name="scanConditional" crap="6" count="0"/>
        <line num="474" type="stmt" count="0"/>
        <line num="475" type="stmt" count="0"/>
        <line num="483" type="stmt" count="0"/>
        <line num="484" type="stmt" count="0"/>
        <line num="485" type="stmt" count="0"/>
        <line num="487" type="stmt" count="0"/>
        <line num="489" type="stmt" count="0"/>
        <line num="494" type="method" name="scanWhile" crap="6" count="0"/>
        <line num="496" type="stmt" count="0"/>
        <line num="497" type="stmt" count="0"/>
        <line num="498" type="stmt" count="0"/>
        <line num="499" type="stmt" count="0"/>
        <line num="500" type="stmt" count="0"/>
        <line num="505" type="method" name="scanEach" crap="6" count="0"/>
        <line num="507" type="stmt" count="0"/>
        <line num="509" type="stmt" count="0"/>
        <line num="511" type="stmt" count="0"/>
        <line num="512" type="stmt" count="0"/>
        <line num="513" type="stmt" count="0"/>
        <line num="515" type="stmt" count="0"/>
        <line num="517" type="stmt" count="0"/>
        <line num="522" type="method" name="scanCode" crap="20" count="0"/>
        <line num="524" type="stmt" count="0"/>
        <line num="526" type="stmt" count="0"/>
        <line num="527" type="stmt" count="0"/>
        <line num="528" type="stmt" count="0"/>
        <line num="530" type="stmt" count="0"/>
        <line num="531" type="stmt" count="0"/>
        <line num="532" type="stmt" count="0"/>
        <line num="534" type="stmt" count="0"/>
        <line num="536" type="stmt" count="0"/>
        <line num="541" type="method" name="scanAttributes" crap="2550" count="0"/>
        <line num="543" type="stmt" count="0"/>
        <line num="547" type="stmt" count="0"/>
        <line num="548" type="stmt" count="0"/>
        <line num="550" type="stmt" count="0"/>
        <line num="554" type="stmt" count="0"/>
        <line num="555" type="stmt" count="0"/>
        <line num="556" type="stmt" count="0"/>
        <line num="557" type="stmt" count="0"/>
        <line num="559" type="stmt" count="0"/>
        <line num="560" type="stmt" count="0"/>
        <line num="561" type="stmt" count="0"/>
        <line num="562" type="stmt" count="0"/>
        <line num="563" type="stmt" count="0"/>
        <line num="564" type="stmt" count="0"/>
        <line num="565" type="stmt" count="0"/>
        <line num="568" type="stmt" count="0"/>
        <line num="569" type="stmt" count="0"/>
        <line num="574" type="stmt" count="0"/>
        <line num="575" type="stmt" count="0"/>
        <line num="577" type="method" name="anonymous function" crap="2162" count="0"/>
        <line num="579" type="stmt" count="0"/>
        <line num="580" type="stmt" count="0"/>
        <line num="581" type="stmt" count="0"/>
        <line num="582" type="stmt" count="0"/>
        <line num="583" type="stmt" count="0"/>
        <line num="584" type="stmt" count="0"/>
        <line num="585" type="stmt" count="0"/>
        <line num="586" type="stmt" count="0"/>
        <line num="587" type="stmt" count="0"/>
        <line num="588" type="stmt" count="0"/>
        <line num="589" type="stmt" count="0"/>
        <line num="591" type="stmt" count="0"/>
        <line num="593" type="stmt" count="0"/>
        <line num="595" type="stmt" count="0"/>
        <line num="596" type="stmt" count="0"/>
        <line num="597" type="stmt" count="0"/>
        <line num="598" type="stmt" count="0"/>
        <line num="599" type="stmt" count="0"/>
        <line num="600" type="stmt" count="0"/>
        <line num="602" type="stmt" count="0"/>
        <line num="603" type="stmt" count="0"/>
        <line num="604" type="stmt" count="0"/>
        <line num="606" type="stmt" count="0"/>
        <line num="607" type="stmt" count="0"/>
        <line num="610" type="stmt" count="0"/>
        <line num="611" type="stmt" count="0"/>
        <line num="612" type="stmt" count="0"/>
        <line num="613" type="stmt" count="0"/>
        <line num="614" type="stmt" count="0"/>
        <line num="615" type="stmt" count="0"/>
        <line num="616" type="stmt" count="0"/>
        <line num="618" type="stmt" count="0"/>
        <line num="619" type="stmt" count="0"/>
        <line num="620" type="stmt" count="0"/>
        <line num="621" type="stmt" count="0"/>
        <line num="623" type="stmt" count="0"/>
        <line num="624" type="stmt" count="0"/>
        <line num="625" type="stmt" count="0"/>
        <line num="626" type="stmt" count="0"/>
        <line num="627" type="stmt" count="0"/>
        <line num="629" type="stmt" count="0"/>
        <line num="630" type="stmt" count="0"/>
        <line num="631" type="stmt" count="0"/>
        <line num="632" type="stmt" count="0"/>
        <line num="633" type="stmt" count="0"/>
        <line num="634" type="stmt" count="0"/>
        <line num="635" type="stmt" count="0"/>
        <line num="637" type="stmt" count="0"/>
        <line num="638" type="stmt" count="0"/>
        <line num="639" type="stmt" count="0"/>
        <line num="640" type="stmt" count="0"/>
        <line num="641" type="stmt" count="0"/>
        <line num="643" type="stmt" count="0"/>
        <line num="644" type="stmt" count="0"/>
        <line num="645" type="stmt" count="0"/>
        <line num="646" type="stmt" count="0"/>
        <line num="647" type="stmt" count="0"/>
        <line num="648" type="stmt" count="0"/>
        <line num="650" type="stmt" count="0"/>
        <line num="651" type="stmt" count="0"/>
        <line num="652" type="stmt" count="0"/>
        <line num="653" type="stmt" count="0"/>
        <line num="654" type="stmt" count="0"/>
        <line num="655" type="stmt" count="0"/>
        <line num="657" type="stmt" count="0"/>
        <line num="658" type="stmt" count="0"/>
        <line num="659" type="stmt" count="0"/>
        <line num="660" type="stmt" count="0"/>
        <line num="661" type="stmt" count="0"/>
        <line num="662" type="stmt" count="0"/>
        <line num="664" type="stmt" count="0"/>
        <line num="665" type="stmt" count="0"/>
        <line num="666" type="stmt" count="0"/>
        <line num="667" type="stmt" count="0"/>
        <line num="668" type="stmt" count="0"/>
        <line num="669" type="stmt" count="0"/>
        <line num="671" type="stmt" count="0"/>
        <line num="672" type="stmt" count="0"/>
        <line num="673" type="stmt" count="0"/>
        <line num="674" type="stmt" count="0"/>
        <line num="675" type="stmt" count="0"/>
        <line num="676" type="stmt" count="0"/>
        <line num="678" type="stmt" count="0"/>
        <line num="679" type="stmt" count="0"/>
        <line num="680" type="stmt" count="0"/>
        <line num="681" type="stmt" count="0"/>
        <line num="682" type="stmt" count="0"/>
        <line num="683" type="stmt" count="0"/>
        <line num="685" type="stmt" count="0"/>
        <line num="686" type="stmt" count="0"/>
        <line num="687" type="stmt" count="0"/>
        <line num="688" type="stmt" count="0"/>
        <line num="689" type="stmt" count="0"/>
        <line num="690" type="stmt" count="0"/>
        <line num="692" type="stmt" count="0"/>
        <line num="693" type="stmt" count="0"/>
        <line num="694" type="stmt" count="0"/>
        <line num="696" type="stmt" count="0"/>
        <line num="697" type="stmt" count="0"/>
        <line num="698" type="stmt" count="0"/>
        <line num="699" type="stmt" count="0"/>
        <line num="700" type="stmt" count="0"/>
        <line num="701" type="stmt" count="0"/>
        <line num="703" type="stmt" count="0"/>
        <line num="704" type="stmt" count="0"/>
        <line num="705" type="stmt" count="0"/>
        <line num="706" type="stmt" count="0"/>
        <line num="707" type="stmt" count="0"/>
        <line num="708" type="stmt" count="0"/>
        <line num="709" type="stmt" count="0"/>
        <line num="711" type="stmt" count="0"/>
        <line num="712" type="stmt" count="0"/>
        <line num="714" type="stmt" count="0"/>
        <line num="715" type="stmt" count="0"/>
        <line num="716" type="stmt" count="0"/>
        <line num="717" type="stmt" count="0"/>
        <line num="718" type="stmt" count="0"/>
        <line num="719" type="stmt" count="0"/>
        <line num="721" type="stmt" count="0"/>
        <line num="722" type="stmt" count="0"/>
        <line num="723" type="stmt" count="0"/>
        <line num="724" type="stmt" count="0"/>
        <line num="725" type="stmt" count="0"/>
        <line num="726" type="stmt" count="0"/>
        <line num="727" type="stmt" count="0"/>
        <line num="728" type="stmt" count="0"/>
        <line num="729" type="stmt" count="0"/>
        <line num="730" type="stmt" count="0"/>
        <line num="732" type="stmt" count="0"/>
        <line num="733" type="stmt" count="0"/>
        <line num="734" type="stmt" count="0"/>
        <line num="736" type="stmt" count="0"/>
        <line num="738" type="stmt" count="0"/>
        <line num="739" type="stmt" count="0"/>
        <line num="740" type="stmt" count="0"/>
        <line num="741" type="stmt" count="0"/>
        <line num="743" type="stmt" count="0"/>
        <line num="745" type="stmt" count="0"/>
        <line num="751" type="method" name="scanIndent" crap="420" count="0"/>
        <line num="753" type="stmt" count="0"/>
        <line num="754" type="stmt" count="0"/>
        <line num="755" type="stmt" count="0"/>
        <line num="756" type="stmt" count="0"/>
        <line num="757" type="stmt" count="0"/>
        <line num="759" type="stmt" count="0"/>
        <line num="760" type="stmt" count="0"/>
        <line num="761" type="stmt" count="0"/>
        <line num="762" type="stmt" count="0"/>
        <line num="764" type="stmt" count="0"/>
        <line num="765" type="stmt" count="0"/>
        <line num="766" type="stmt" count="0"/>
        <line num="769" type="stmt" count="0"/>
        <line num="770" type="stmt" count="0"/>
        <line num="772" type="stmt" count="0"/>
        <line num="773" type="stmt" count="0"/>
        <line num="775" type="stmt" count="0"/>
        <line num="776" type="stmt" count="0"/>
        <line num="779" type="stmt" count="0"/>
        <line num="780" type="stmt" count="0"/>
        <line num="783" type="stmt" count="0"/>
        <line num="784" type="stmt" count="0"/>
        <line num="785" type="stmt" count="0"/>
        <line num="786" type="stmt" count="0"/>
        <line num="787" type="stmt" count="0"/>
        <line num="789" type="stmt" count="0"/>
        <line num="792" type="stmt" count="0"/>
        <line num="793" type="stmt" count="0"/>
        <line num="796" type="stmt" count="0"/>
        <line num="797" type="stmt" count="0"/>
        <line num="799" type="stmt" count="0"/>
        <line num="802" type="stmt" count="0"/>
        <line num="804" type="stmt" count="0"/>
        <line num="809" type="method" name="scanPipelessText" crap="20" count="0"/>
        <line num="811" type="stmt" count="0"/>
        <line num="812" type="stmt" count="0"/>
        <line num="814" type="stmt" count="0"/>
        <line num="815" type="stmt" count="0"/>
        <line num="816" type="stmt" count="0"/>
        <line num="818" type="stmt" count="0"/>
        <line num="819" type="stmt" count="0"/>
        <line num="821" type="stmt" count="0"/>
        <line num="823" type="stmt" count="0"/>
        <line num="828" type="method" name="scanColon" crap="2" count="0"/>
        <line num="830" type="stmt" count="0"/>
        <line num="836" type="method" name="nextToken" crap="992" count="0"/>
        <line num="838" type="stmt" count="0"/>
        <line num="839" type="stmt" count="0"/>
        <line num="840" type="stmt" count="0"/>
        <line num="841" type="stmt" count="0"/>
        <line num="842" type="stmt" count="0"/>
        <line num="843" type="stmt" count="0"/>
        <line num="844" type="stmt" count="0"/>
        <line num="845" type="stmt" count="0"/>
        <line num="846" type="stmt" count="0"/>
        <line num="847" type="stmt" count="0"/>
        <line num="848" type="stmt" count="0"/>
        <line num="849" type="stmt" count="0"/>
        <line num="850" type="stmt" count="0"/>
        <line num="851" type="stmt" count="0"/>
        <line num="852" type="stmt" count="0"/>
        <line num="853" type="stmt" count="0"/>
        <line num="854" type="stmt" count="0"/>
        <line num="855" type="stmt" count="0"/>
        <line num="856" type="stmt" count="0"/>
        <line num="857" type="stmt" count="0"/>
        <line num="858" type="stmt" count="0"/>
        <line num="859" type="stmt" count="0"/>
        <line num="860" type="stmt" count="0"/>
        <line num="861" type="stmt" count="0"/>
        <line num="862" type="stmt" count="0"/>
        <line num="863" type="stmt" count="0"/>
        <line num="864" type="stmt" count="0"/>
        <line num="865" type="stmt" count="0"/>
        <line num="866" type="stmt" count="0"/>
        <line num="867" type="stmt" count="0"/>
        <line num="868" type="stmt" count="0"/>
        <line num="870" type="stmt" count="0"/>
        <metrics loc="872" ncloc="628" classes="1" methods="45" coveredmethods="0" conditionals="0" coveredconditionals="0" statements="373" coveredstatements="0" elements="418" coveredelements="0"/>
      </file>
      <file name="D:/KyleK/Webcoding/jade-php/src/Jade/Parser.php">
        <class name="Parser" namespace="Jade">
          <metrics methods="32" coveredmethods="0" conditionals="0" coveredconditionals="0" statements="364" coveredstatements="0" elements="396" coveredelements="0"/>
        </class>
        <line num="22" type="method" name="__construct" crap="56" count="0"/>
        <line num="24" type="stmt" count="0"/>
        <line num="26" type="stmt" count="0"/>
        <line num="27" type="stmt" count="0"/>
        <line num="28" type="stmt" count="0"/>
        <line num="29" type="stmt" count="0"/>
        <line num="30" type="stmt" count="0"/>
        <line num="31" type="stmt" count="0"/>
        <line num="34" type="stmt" count="0"/>
        <line num="35" type="stmt" count="0"/>
        <line num="37" type="stmt" count="0"/>
        <line num="38" type="stmt" count="0"/>
        <line num="39" type="stmt" count="0"/>
        <line num="41" type="method" name="context" crap="6" count="0"/>
        <line num="42" type="stmt" count="0"/>
        <line num="43" type="stmt" count="0"/>
        <line num="45" type="stmt" count="0"/>
        <line num="46" type="stmt" count="0"/>
        <line num="48" type="method" name="advance" crap="2" count="0"/>
        <line num="49" type="stmt" count="0"/>
        <line num="52" type="method" name="skip" crap="6" count="0"/>
        <line num="53" type="stmt" count="0"/>
        <line num="54" type="stmt" count="0"/>
        <line num="56" type="method" name="peek" crap="2" count="0"/>
        <line num="57" type="stmt" count="0"/>
        <line num="60" type="method" name="line" crap="2" count="0"/>
        <line num="61" type="stmt" count="0"/>
        <line num="64" type="method" name="lookahead" crap="2" count="0"/>
        <line num="65" type="stmt" count="0"/>
        <line num="68" type="method" name="parse" crap="42" count="0"/>
        <line num="69" type="stmt" count="0"/>
        <line num="70" type="stmt" count="0"/>
        <line num="72" type="stmt" count="0"/>
        <line num="74" type="stmt" count="0"/>
        <line num="75" type="stmt" count="0"/>
        <line num="76" type="stmt" count="0"/>
        <line num="79" type="stmt" count="0"/>
        <line num="81" type="stmt" count="0"/>
        <line num="83" type="stmt" count="0"/>
        <line num="84" type="stmt" count="0"/>
        <line num="88" type="stmt" count="0"/>
        <line num="90" type="stmt" count="0"/>
        <line num="92" type="stmt" count="0"/>
        <line num="94" type="stmt" count="0"/>
        <line num="96" type="stmt" count="0"/>
        <line num="97" type="stmt" count="0"/>
        <line num="98" type="stmt" count="0"/>
        <line num="99" type="stmt" count="0"/>
        <line num="102" type="stmt" count="0"/>
        <line num="105" type="method" name="expect" crap="12" count="0"/>
        <line num="106" type="stmt" count="0"/>
        <line num="107" type="stmt" count="0"/>
        <line num="110" type="stmt" count="0"/>
        <line num="111" type="stmt" count="0"/>
        <line num="112" type="stmt" count="0"/>
        <line num="113" type="stmt" count="0"/>
        <line num="116" type="method" name="accept" crap="6" count="0"/>
        <line num="117" type="stmt" count="0"/>
        <line num="118" type="stmt" count="0"/>
        <line num="120" type="stmt" count="0"/>
        <line num="122" type="method" name="parseExpression" crap="30" count="0"/>
        <line num="123" type="stmt" count="0"/>
        <line num="125" type="stmt" count="0"/>
        <line num="126" type="stmt" count="0"/>
        <line num="127" type="stmt" count="0"/>
        <line num="130" type="stmt" count="0"/>
        <line num="131" type="stmt" count="0"/>
        <line num="132" type="stmt" count="0"/>
        <line num="133" type="stmt" count="0"/>
        <line num="134" type="stmt" count="0"/>
        <line num="135" type="stmt" count="0"/>
        <line num="137" type="stmt" count="0"/>
        <line num="138" type="stmt" count="0"/>
        <line num="139" type="stmt" count="0"/>
        <line num="140" type="stmt" count="0"/>
        <line num="141" type="stmt" count="0"/>
        <line num="142" type="stmt" count="0"/>
        <line num="144" type="stmt" count="0"/>
        <line num="145" type="stmt" count="0"/>
        <line num="146" type="stmt" count="0"/>
        <line num="149" type="method" name="parseText" crap="2" count="0"/>
        <line num="150" type="stmt" count="0"/>
        <line num="151" type="stmt" count="0"/>
        <line num="152" type="stmt" count="0"/>
        <line num="153" type="stmt" count="0"/>
        <line num="156" type="method" name="parseBlockExpansion" crap="6" count="0"/>
        <line num="157" type="stmt" count="0"/>
        <line num="158" type="stmt" count="0"/>
        <line num="159" type="stmt" count="0"/>
        <line num="162" type="stmt" count="0"/>
        <line num="165" type="method" name="parseCase" crap="2" count="0"/>
        <line num="166" type="stmt" count="0"/>
        <line num="167" type="stmt" count="0"/>
        <line num="168" type="stmt" count="0"/>
        <line num="169" type="stmt" count="0"/>
        <line num="170" type="stmt" count="0"/>
        <line num="173" type="method" name="parseWhen" crap="2" count="0"/>
        <line num="174" type="stmt" count="0"/>
        <line num="175" type="stmt" count="0"/>
        <line num="178" type="method" name="parseDefault" crap="2" count="0"/>
        <line num="179" type="stmt" count="0"/>
        <line num="180" type="stmt" count="0"/>
        <line num="183" type="method" name="parseCode" crap="30" count="0"/>
        <line num="184" type="stmt" count="0"/>
        <line num="185" type="stmt" count="0"/>
        <line num="186" type="stmt" count="0"/>
        <line num="187" type="stmt" count="0"/>
        <line num="188" type="stmt" count="0"/>
        <line num="190" type="stmt" count="0"/>
        <line num="191" type="stmt" count="0"/>
        <line num="192" type="stmt" count="0"/>
        <line num="193" type="stmt" count="0"/>
        <line num="195" type="stmt" count="0"/>
        <line num="196" type="stmt" count="0"/>
        <line num="197" type="stmt" count="0"/>
        <line num="198" type="stmt" count="0"/>
        <line num="200" type="stmt" count="0"/>
        <line num="203" type="method" name="parseComment" crap="6" count="0"/>
        <line num="204" type="stmt" count="0"/>
        <line num="206" type="stmt" count="0"/>
        <line num="207" type="stmt" count="0"/>
        <line num="208" type="stmt" count="0"/>
        <line num="209" type="stmt" count="0"/>
        <line num="211" type="stmt" count="0"/>
        <line num="213" type="stmt" count="0"/>
        <line num="216" type="method" name="parseDoctype" crap="2" count="0"/>
        <line num="217" type="stmt" count="0"/>
        <line num="218" type="stmt" count="0"/>
        <line num="219" type="stmt" count="0"/>
        <line num="220" type="stmt" count="0"/>
        <line num="223" type="method" name="parseFilter" crap="2" count="0"/>
        <line num="224" type="stmt" count="0"/>
        <line num="225" type="stmt" count="0"/>
        <line num="227" type="stmt" count="0"/>
        <line num="228" type="stmt" count="0"/>
        <line num="229" type="stmt" count="0"/>
        <line num="231" type="stmt" count="0"/>
        <line num="232" type="stmt" count="0"/>
        <line num="233" type="stmt" count="0"/>
        <line num="236" type="method" name="parseASTFilter" crap="2" count="0"/>
        <line num="237" type="stmt" count="0"/>
        <line num="238" type="stmt" count="0"/>
        <line num="239" type="stmt" count="0"/>
        <line num="240" type="stmt" count="0"/>
        <line num="242" type="stmt" count="0"/>
        <line num="243" type="stmt" count="0"/>
        <line num="244" type="stmt" count="0"/>
        <line num="247" type="method" name="parseEach" crap="12" count="0"/>
        <line num="248" type="stmt" count="0"/>
        <line num="249" type="stmt" count="0"/>
        <line num="250" type="stmt" count="0"/>
        <line num="251" type="stmt" count="0"/>
        <line num="252" type="stmt" count="0"/>
        <line num="253" type="stmt" count="0"/>
        <line num="254" type="stmt" count="0"/>
        <line num="255" type="stmt" count="0"/>
        <line num="256" type="stmt" count="0"/>
        <line num="259" type="method" name="parseExtends" crap="2" count="0"/>
        <line num="261" type="stmt" count="0"/>
        <line num="262" type="stmt" count="0"/>
        <line num="263" type="stmt" count="0"/>
        <line num="265" type="stmt" count="0"/>
        <line num="266" type="stmt" count="0"/>
        <line num="268" type="stmt" count="0"/>
        <line num="269" type="stmt" count="0"/>
        <line num="270" type="stmt" count="0"/>
        <line num="272" type="stmt" count="0"/>
        <line num="275" type="method" name="parseBlock" crap="42" count="0"/>
        <line num="276" type="stmt" count="0"/>
        <line num="277" type="stmt" count="0"/>
        <line num="278" type="stmt" count="0"/>
        <line num="280" type="stmt" count="0"/>
        <line num="282" type="stmt" count="0"/>
        <line num="283" type="stmt" count="0"/>
        <line num="285" type="stmt" count="0"/>
        <line num="286" type="stmt" count="0"/>
        <line num="287" type="stmt" count="0"/>
        <line num="288" type="stmt" count="0"/>
        <line num="289" type="stmt" count="0"/>
        <line num="291" type="stmt" count="0"/>
        <line num="292" type="stmt" count="0"/>
        <line num="293" type="stmt" count="0"/>
        <line num="294" type="stmt" count="0"/>
        <line num="296" type="stmt" count="0"/>
        <line num="297" type="stmt" count="0"/>
        <line num="298" type="stmt" count="0"/>
        <line num="299" type="stmt" count="0"/>
        <line num="301" type="stmt" count="0"/>
        <line num="302" type="stmt" count="0"/>
        <line num="303" type="stmt" count="0"/>
        <line num="304" type="stmt" count="0"/>
        <line num="307" type="stmt" count="0"/>
        <line num="310" type="method" name="parseInclude" crap="90" count="0"/>
        <line num="311" type="stmt" count="0"/>
        <line num="312" type="stmt" count="0"/>
        <line num="313" type="stmt" count="0"/>
        <line num="315" type="stmt" count="0"/>
        <line num="316" type="stmt" count="0"/>
        <line num="317" type="stmt" count="0"/>
        <line num="319" type="stmt" count="0"/>
        <line num="320" type="stmt" count="0"/>
        <line num="321" type="stmt" count="0"/>
        <line num="322" type="stmt" count="0"/>
        <line num="323" type="stmt" count="0"/>
        <line num="324" type="stmt" count="0"/>
        <line num="325" type="stmt" count="0"/>
        <line num="328" type="stmt" count="0"/>
        <line num="329" type="stmt" count="0"/>
        <line num="332" type="stmt" count="0"/>
        <line num="333" type="stmt" count="0"/>
        <line num="334" type="stmt" count="0"/>
        <line num="336" type="stmt" count="0"/>
        <line num="339" type="stmt" count="0"/>
        <line num="341" type="stmt" count="0"/>
        <line num="343" type="stmt" count="0"/>
        <line num="345" type="stmt" count="0"/>
        <line num="346" type="stmt" count="0"/>
        <line num="348" type="stmt" count="0"/>
        <line num="350" type="stmt" count="0"/>
        <line num="351" type="stmt" count="0"/>
        <line num="352" type="stmt" count="0"/>
        <line num="353" type="stmt" count="0"/>
        <line num="354" type="stmt" count="0"/>
        <line num="355" type="stmt" count="0"/>
        <line num="357" type="stmt" count="0"/>
        <line num="358" type="stmt" count="0"/>
        <line num="360" type="stmt" count="0"/>
        <line num="363" type="method" name="parseCall" crap="12" count="0"/>
        <line num="364" type="stmt" count="0"/>
        <line num="365" type="stmt" count="0"/>
        <line num="367" type="stmt" count="0"/>
        <line num="368" type="stmt" count="0"/>
        <line num="369" type="stmt" count="0"/>
        <line num="370" type="stmt" count="0"/>
        <line num="373" type="stmt" count="0"/>
        <line num="375" type="stmt" count="0"/>
        <line num="377" type="stmt" count="0"/>
        <line num="378" type="stmt" count="0"/>
        <line num="379" type="stmt" count="0"/>
        <line num="381" type="stmt" count="0"/>
        <line num="384" type="method" name="parseMixin" crap="6" count="0"/>
        <line num="385" type="stmt" count="0"/>
        <line num="386" type="stmt" count="0"/>
        <line num="387" type="stmt" count="0"/>
        <line num="390" type="stmt" count="0"/>
        <line num="391" type="stmt" count="0"/>
        <line num="392" type="stmt" count="0"/>
        <line num="393" type="stmt" count="0"/>
        <line num="396" type="stmt" count="0"/>
        <line num="400" type="method" name="parseTextBlock" crap="72" count="0"/>
        <line num="401" type="stmt" count="0"/>
        <line num="402" type="stmt" count="0"/>
        <line num="403" type="stmt" count="0"/>
        <line num="405" type="stmt" count="0"/>
        <line num="406" type="stmt" count="0"/>
        <line num="407" type="stmt" count="0"/>
        <line num="409" type="stmt" count="0"/>
        <line num="411" type="stmt" count="0"/>
        <line num="413" type="stmt" count="0"/>
        <line num="414" type="stmt" count="0"/>
        <line num="415" type="stmt" count="0"/>
        <line num="416" type="stmt" count="0"/>
        <line num="418" type="stmt" count="0"/>
        <line num="419" type="stmt" count="0"/>
        <line num="420" type="stmt" count="0"/>
        <line num="421" type="stmt" count="0"/>
        <line num="422" type="stmt" count="0"/>
        <line num="424" type="stmt" count="0"/>
        <line num="425" type="stmt" count="0"/>
        <line num="426" type="stmt" count="0"/>
        <line num="427" type="stmt" count="0"/>
        <line num="428" type="stmt" count="0"/>
        <line num="429" type="stmt" count="0"/>
        <line num="431" type="stmt" count="0"/>
        <line num="432" type="stmt" count="0"/>
        <line num="433" type="stmt" count="0"/>
        <line num="435" type="stmt" count="0"/>
        <line num="436" type="stmt" count="0"/>
        <line num="439" type="method" name="block" crap="12" count="0"/>
        <line num="440" type="stmt" count="0"/>
        <line num="441" type="stmt" count="0"/>
        <line num="442" type="stmt" count="0"/>
        <line num="444" type="stmt" count="0"/>
        <line num="446" type="stmt" count="0"/>
        <line num="447" type="stmt" count="0"/>
        <line num="448" type="stmt" count="0"/>
        <line num="449" type="stmt" count="0"/>
        <line num="451" type="stmt" count="0"/>
        <line num="453" type="stmt" count="0"/>
        <line num="454" type="stmt" count="0"/>
        <line num="457" type="method" name="parseInterpolation" crap="2" count="0"/>
        <line num="458" type="stmt" count="0"/>
        <line num="459" type="stmt" count="0"/>
        <line num="460" type="stmt" count="0"/>
        <line num="461" type="stmt" count="0"/>
        <line num="464" type="method" name="parseTag" crap="30" count="0"/>
        <line num="465" type="stmt" count="0"/>
        <line num="467" type="stmt" count="0"/>
        <line num="468" type="stmt" count="0"/>
        <line num="469" type="stmt" count="0"/>
        <line num="471" type="stmt" count="0"/>
        <line num="472" type="stmt" count="0"/>
        <line num="474" type="stmt" count="0"/>
        <line num="475" type="stmt" count="0"/>
        <line num="477" type="stmt" count="0"/>
        <line num="479" type="stmt" count="0"/>
        <line num="480" type="stmt" count="0"/>
        <line num="483" type="stmt" count="0"/>
        <line num="484" type="stmt" count="0"/>
        <line num="485" type="stmt" count="0"/>
        <line num="486" type="stmt" count="0"/>
        <line num="489" type="stmt" count="0"/>
        <line num="492" type="method" name="tag" crap="600" count="0"/>
        <line num="493" type="stmt" count="0"/>
        <line num="495" type="stmt" count="0"/>
        <line num="497" type="stmt" count="0"/>
        <line num="498" type="stmt" count="0"/>
        <line num="499" type="stmt" count="0"/>
        <line num="500" type="stmt" count="0"/>
        <line num="501" type="stmt" count="0"/>
        <line num="502" type="stmt" count="0"/>
        <line num="503" type="stmt" count="0"/>
        <line num="504" type="stmt" count="0"/>
        <line num="505" type="stmt" count="0"/>
        <line num="506" type="stmt" count="0"/>
        <line num="507" type="stmt" count="0"/>
        <line num="509" type="stmt" count="0"/>
        <line num="510" type="stmt" count="0"/>
        <line num="511" type="stmt" count="0"/>
        <line num="512" type="stmt" count="0"/>
        <line num="514" type="stmt" count="0"/>
        <line num="515" type="stmt" count="0"/>
        <line num="516" type="stmt" count="0"/>
        <line num="517" type="stmt" count="0"/>
        <line num="518" type="stmt" count="0"/>
        <line num="520" type="stmt" count="0"/>
        <line num="521" type="stmt" count="0"/>
        <line num="522" type="stmt" count="0"/>
        <line num="524" type="stmt" count="0"/>
        <line num="525" type="stmt" count="0"/>
        <line num="526" type="stmt" count="0"/>
        <line num="527" type="stmt" count="0"/>
        <line num="528" type="stmt" count="0"/>
        <line num="530" type="stmt" count="0"/>
        <line num="531" type="stmt" count="0"/>
        <line num="532" type="stmt" count="0"/>
        <line num="533" type="stmt" count="0"/>
        <line num="535" type="stmt" count="0"/>
        <line num="536" type="stmt" count="0"/>
        <line num="537" type="stmt" count="0"/>
        <line num="538" type="stmt" count="0"/>
        <line num="539" type="stmt" count="0"/>
        <line num="540" type="stmt" count="0"/>
        <line num="542" type="stmt" count="0"/>
        <line num="543" type="stmt" count="0"/>
        <line num="544" type="stmt" count="0"/>
        <line num="545" type="stmt" count="0"/>
        <line num="547" type="stmt" count="0"/>
        <line num="548" type="stmt" count="0"/>
        <line num="549" type="stmt" count="0"/>
        <line num="551" type="stmt" count="0"/>
        <line num="552" type="stmt" count="0"/>
        <line num="553" type="stmt" count="0"/>
        <line num="554" type="stmt" count="0"/>
        <line num="555" type="stmt" count="0"/>
        <line num="556" type="stmt" count="0"/>
        <line num="558" type="stmt" count="0"/>
        <line num="559" type="stmt" count="0"/>
        <line num="560" type="stmt" count="0"/>
        <line num="562" type="stmt" count="0"/>
        <line num="563" type="stmt" count="0"/>
        <line num="564" type="stmt" count="0"/>
        <line num="566" type="stmt" count="0"/>
        <line num="567" type="stmt" count="0"/>
        <line num="569" type="stmt" count="0"/>
        <line num="570" type="stmt" count="0"/>
        <line num="572" type="stmt" count="0"/>
        <line num="573" type="stmt" count="0"/>
        <line num="574" type="stmt" count="0"/>
        <line num="575" type="stmt" count="0"/>
        <line num="576" type="stmt" count="0"/>
        <line num="578" type="stmt" count="0"/>
        <line num="579" type="stmt" count="0"/>
        <line num="580" type="stmt" count="0"/>
        <line num="581" type="stmt" count="0"/>
        <line num="582" type="stmt" count="0"/>
        <line num="583" type="stmt" count="0"/>
        <line num="584" type="stmt" count="0"/>
        <line num="585" type="stmt" count="0"/>
        <line num="586" type="stmt" count="0"/>
        <line num="587" type="stmt" count="0"/>
        <line num="588" type="stmt" count="0"/>
        <line num="589" type="stmt" count="0"/>
        <line num="590" type="stmt" count="0"/>
        <line num="593" type="stmt" count="0"/>
        <line num="595" type="stmt" count="0"/>
        <metrics loc="597" ncloc="585" classes="1" methods="32" coveredmethods="0" conditionals="0" coveredconditionals="0" statements="364" coveredstatements="0" elements="396" coveredelements="0"/>
      </file>
    </package>
    <package name="Jade\Filter">
      <file name="D:/KyleK/Webcoding/jade-php/src/Jade/Filter/AbstractFilter.php">
        <class name="AbstractFilter" namespace="Jade\Filter" fullPackage="Jade" package="Jade">
          <metrics methods="1" coveredmethods="0" conditionals="0" coveredconditionals="0" statements="3" coveredstatements="0" elements="4" coveredelements="0"/>
        </class>
        <line num="23" type="method" name="anonymous function" crap="6" count="0"/>
        <line num="24" type="stmt" count="0"/>
        <line num="25" type="stmt" count="0"/>
        <line num="26" type="stmt" count="0"/>
        <metrics loc="27" ncloc="15" classes="1" methods="1" coveredmethods="0" conditionals="0" coveredconditionals="0" statements="3" coveredstatements="0" elements="4" coveredelements="0"/>
      </file>
      <file name="D:/KyleK/Webcoding/jade-php/src/Jade/Filter/Cdata.php">
        <class name="Cdata" namespace="Jade\Filter">
          <metrics methods="1" coveredmethods="0" conditionals="0" coveredconditionals="0" statements="1" coveredstatements="0" elements="2" coveredelements="0"/>
        </class>
        <line num="10" type="method" name="__invoke" crap="2" count="0"/>
        <line num="12" type="stmt" count="0"/>
        <metrics loc="15" ncloc="15" classes="1" methods="1" coveredmethods="0" conditionals="0" coveredconditionals="0" statements="1" coveredstatements="0" elements="2" coveredelements="0"/>
      </file>
      <file name="D:/KyleK/Webcoding/jade-php/src/Jade/Filter/Php.php">
        <class name="Php" namespace="Jade\Filter" fullPackage="Jade" package="Jade">
          <metrics methods="1" coveredmethods="0" conditionals="0" coveredconditionals="0" statements="9" coveredstatements="0" elements="10" coveredelements="0"/>
        </class>
        <line num="19" type="method" name="__invoke" crap="20" count="0"/>
        <line num="21" type="stmt" count="0"/>
        <line num="23" type="stmt" count="0"/>
        <line num="25" type="stmt" count="0"/>
        <line num="26" type="stmt" count="0"/>
        <line num="27" type="stmt" count="0"/>
        <line num="28" type="stmt" count="0"/>
        <line num="31" type="stmt" count="0"/>
        <line num="33" type="stmt" count="0"/>
        <line num="34" type="stmt" count="0"/>
        <metrics loc="35" ncloc="26" classes="1" methods="1" coveredmethods="0" conditionals="0" coveredconditionals="0" statements="9" coveredstatements="0" elements="10" coveredelements="0"/>
      </file>
    </package>
    <package name="Jade\Nodes">
      <file name="D:/KyleK/Webcoding/jade-php/src/Jade/Nodes/Attributes.php">
        <class name="Attributes" namespace="Jade\Nodes" fullPackage="Jade" package="Jade">
          <metrics methods="3" coveredmethods="0" conditionals="0" coveredconditionals="0" statements="13" coveredstatements="0" elements="16" coveredelements="0"/>
        </class>
        <line num="23" type="method" name="setAttribute" crap="2" count="0"/>
[...]
        <line num="19" type="stmt" count="0"/>
        <line num="20" type="stmt" count="0"/>
        <line num="21" type="stmt" count="0"/>
        <metrics loc="22" ncloc="22" classes="1" methods="1" coveredmethods="0" conditionals="0" coveredconditionals="0" statements="6" coveredstatements="0" elements="7" coveredelements="0"/>
      </file>
      <file name="D:/KyleK/Webcoding/jade-php/src/Jade/Nodes/Tag.php">
        <class name="Tag" namespace="Jade\Nodes">
          <metrics methods="4" coveredmethods="0" conditionals="0" coveredconditionals="0" statements="22" coveredstatements="0" elements="26" coveredelements="0"/>
        </class>
        <line num="33" type="method" name="__construct" crap="6" count="0"/>
        <line num="35" type="stmt" count="0"/>
        <line num="37" type="stmt" count="0"/>
        <line num="38" type="stmt" count="0"/>
        <line num="39" type="stmt" count="0"/>
        <line num="40" type="stmt" count="0"/>
        <line num="43" type="stmt" count="0"/>
        <line num="46" type="stmt" count="0"/>
        <line num="47" type="stmt" count="0"/>
        <line num="49" type="method" name="isInline" crap="2" count="0"/>
        <line num="51" type="stmt" count="0"/>
        <line num="54" type="method" name="canInline" crap="272" count="0"/>
        <line num="56" type="stmt" count="0"/>
        <line num="58" type="method" name="anonymous function" crap="56" count="0"/>
        <line num="60" type="stmt" count="0"/>
        <line num="61" type="stmt" count="0"/>
        <line num="62" type="stmt" count="0"/>
        <line num="63" type="stmt" count="0"/>
        <line num="65" type="stmt" count="0"/>
        <line num="66" type="stmt" count="0"/>
        <line num="69" type="stmt" count="0"/>
        <line num="70" type="stmt" count="0"/>
        <line num="73" type="stmt" count="0"/>
        <line num="74" type="stmt" count="0"/>
        <line num="77" type="stmt" count="0"/>
        <line num="78" type="stmt" count="0"/>
        <line num="80" type="stmt" count="0"/>
        <line num="81" type="stmt" count="0"/>
        <line num="84" type="stmt" count="0"/>
        <line num="85" type="stmt" count="0"/>
        <line num="88" type="stmt" count="0"/>
        <line num="89" type="stmt" count="0"/>
        <line num="90" type="stmt" count="0"/>
        <line num="91" type="stmt" count="0"/>
        <line num="92" type="stmt" count="0"/>
        <line num="94" type="stmt" count="0"/>
        <line num="96" type="stmt" count="0"/>
        <line num="97" type="stmt" count="0"/>
        <line num="98" type="stmt" count="0"/>
        <line num="99" type="stmt" count="0"/>
        <line num="100" type="stmt" count="0"/>
        <line num="102" type="stmt" count="0"/>
        <line num="103" type="stmt" count="0"/>
        <line num="104" type="stmt" count="0"/>
        <line num="107" type="stmt" count="0"/>
        <metrics loc="109" ncloc="109" classes="1" methods="4" coveredmethods="0" conditionals="0" coveredconditionals="0" statements="41" coveredstatements="0" elements="45" coveredelements="0"/>
      </file>
      <file name="D:/KyleK/Webcoding/jade-php/src/Jade/Nodes/Text.php">
        <class name="Text" namespace="Jade\Nodes">
          <metrics methods="1" coveredmethods="0" conditionals="0" coveredconditionals="0" statements="4" coveredstatements="0" elements="5" coveredelements="0"/>
        </class>
        <line num="8" type="method" name="__construct" crap="6" count="0"/>
        <line num="9" type="stmt" count="0"/>
        <line num="10" type="stmt" count="0"/>
        <line num="11" type="stmt" count="0"/>
        <line num="12" type="stmt" count="0"/>
        <metrics loc="13" ncloc="13" classes="1" methods="1" coveredmethods="0" conditionals="0" coveredconditionals="0" statements="4" coveredstatements="0" elements="5" coveredelements="0"/>
      </file>
      <file name="D:/KyleK/Webcoding/jade-php/src/Jade/Nodes/When.php">
        <class name="When" namespace="Jade\Nodes">
          <metrics methods="1" coveredmethods="0" conditionals="0" coveredconditionals="0" statements="3" coveredstatements="0" elements="4" coveredelements="0"/>
        </class>
        <line num="9" type="method" name="__construct" crap="2" count="0"/>
        <line num="10" type="stmt" count="0"/>
        <line num="11" type="stmt" count="0"/>
        <line num="12" type="stmt" count="0"/>
        <metrics loc="13" ncloc="13" classes="1" methods="1" coveredmethods="0" conditionals="0" coveredconditionals="0" statements="3" coveredstatements="0" elements="4" coveredelements="0"/>
      </file>
    </package>
    <package name="Jade\Stream">
      <file name="D:/KyleK/Webcoding/jade-php/src/Jade/Stream/Template.php">
        <class name="Template" namespace="Jade\Stream" fullPackage="Jade" package="Jade">
          <metrics methods="6" coveredmethods="0" conditionals="0" coveredconditionals="0" statements="9" coveredstatements="0" elements="15" coveredelements="0"/>
        </class>
        <line num="26" type="method" name="stream_open" crap="2" count="0"/>
        <line num="28" type="stmt" count="0"/>
        <line num="29" type="stmt" count="0"/>
        <line num="35" type="method" name="stream_stat" crap="2" count="0"/>
        <line num="37" type="stmt" count="0"/>
        <line num="44" type="method" name="stream_read" crap="2" count="0"/>
        <line num="46" type="stmt" count="0"/>
        <line num="47" type="stmt" count="0"/>
        <line num="49" type="stmt" count="0"/>
        <line num="55" type="method" name="stream_tell" crap="2" count="0"/>
        <line num="57" type="stmt" count="0"/>
        <line num="63" type="method" name="stream_eof" crap="2" count="0"/>
        <line num="65" type="stmt" count="0"/>
        <line num="75" type="method" name="url_stat" crap="2" count="0"/>
        <line num="77" type="stmt" count="0"/>
        <metrics loc="79" ncloc="44" classes="1" methods="6" coveredmethods="0" conditionals="0" coveredconditionals="0" statements="9" coveredstatements="0" elements="15" coveredelements="0"/>
      </file>
    </package>
    <file name="D:/KyleK/Webcoding/jade-php/tests/bootstrap.php">
      <line num="5" type="stmt" count="0"/>
      <line num="6" type="stmt" count="0"/>
      <line num="7" type="stmt" count="0"/>
      <line num="10" type="stmt" count="0"/>
      <line num="11" type="stmt" count="0"/>
      <line num="12" type="stmt" count="0"/>
      <line num="13" type="stmt" count="0"/>
      <line num="14" type="stmt" count="0"/>
      <line num="15" type="stmt" count="0"/>
      <line num="19" type="stmt" count="0"/>
      <line num="20" type="stmt" count="0"/>
      <line num="21" type="stmt" count="0"/>
      <line num="25" type="stmt" count="0"/>
      <line num="26" type="stmt" count="0"/>
      <line num="27" type="stmt" count="0"/>
      <line num="28" type="stmt" count="0"/>
      <line num="30" type="stmt" count="0"/>
      <line num="31" type="stmt" count="0"/>
      <line num="32" type="stmt" count="0"/>
      <line num="33" type="stmt" count="0"/>
      <line num="34" type="stmt" count="0"/>
      <line num="36" type="stmt" count="0"/>
      <line num="40" type="stmt" count="0"/>
      <line num="41" type="stmt" count="0"/>
      <line num="45" type="stmt" count="0"/>
      <line num="46" type="stmt" count="0"/>
      <line num="47" type="stmt" count="0"/>
      <line num="48" type="stmt" count="0"/>
      <line num="51" type="stmt" count="0"/>
      <line num="52" type="stmt" count="0"/>
      <line num="53" type="stmt" count="0"/>
      <line num="54" type="stmt" count="0"/>
      <line num="55" type="stmt" count="0"/>
      <line num="56" type="stmt" count="0"/>
      <line num="57" type="stmt" count="0"/>
      <line num="58" type="stmt" count="0"/>
      <line num="59" type="stmt" count="0"/>
      <line num="60" type="stmt" count="0"/>
      <line num="61" type="stmt" count="0"/>
      <line num="62" type="stmt" count="0"/>
      <line num="64" type="stmt" count="0"/>
      <line num="69" type="stmt" count="0"/>
      <line num="71" type="stmt" count="0"/>
      <line num="72" type="stmt" count="0"/>
      <line num="74" type="stmt" count="0"/>
      <line num="76" type="stmt" count="0"/>
      <line num="78" type="stmt" count="0"/>
      <line num="79" type="stmt" count="0"/>
      <line num="80" type="stmt" count="0"/>
      <line num="82" type="stmt" count="0"/>
      <line num="83" type="stmt" count="0"/>
      <line num="84" type="stmt" count="0"/>
      <line num="85" type="stmt" count="0"/>
      <line num="86" type="stmt" count="0"/>
      <line num="87" type="stmt" count="0"/>
      <line num="88" type="stmt" count="0"/>
      <line num="89" type="stmt" count="0"/>
      <line num="90" type="stmt" count="0"/>
      <line num="93" type="stmt" count="0"/>
      <line num="94" type="stmt" count="0"/>
      <line num="95" type="stmt" count="0"/>
      <line num="96" type="stmt" count="0"/>
      <line num="97" type="stmt" count="0"/>
      <line num="98" type="stmt" count="0"/>
      <line num="101" type="stmt" count="0"/>
      <line num="102" type="stmt" count="0"/>
      <line num="103" type="stmt" count="0"/>
      <line num="105" type="stmt" count="0"/>
      <line num="106" type="stmt" count="0"/>
      <line num="107" type="stmt" count="0"/>
      <line num="108" type="stmt" count="0"/>
      <line num="109" type="stmt" count="0"/>
      <line num="110" type="stmt" count="0"/>
      <line num="113" type="stmt" count="0"/>
      <line num="115" type="stmt" count="0"/>
      <line num="118" type="stmt" count="0"/>
      <line num="119" type="stmt" count="0"/>
      <line num="120" type="stmt" count="0"/>
      <line num="121" type="stmt" count="0"/>
      <line num="122" type="stmt" count="0"/>
      <line num="123" type="stmt" count="0"/>
      <line num="124" type="stmt" count="0"/>
      <line num="125" type="stmt" count="0"/>
      <line num="126" type="stmt" count="0"/>
      <line num="127" type="stmt" count="0"/>
      <line num="128" type="stmt" count="0"/>
      <line num="130" type="stmt" count="0"/>
      <line num="131" type="stmt" count="0"/>
      <line num="134" type="stmt" count="0"/>
      <line num="135" type="stmt" count="0"/>
      <line num="137" type="stmt" count="0"/>
      <line num="138" type="stmt" count="0"/>
      <line num="139" type="stmt" count="0"/>
      <line num="141" type="stmt" count="0"/>
      <line num="144" type="stmt" count="0"/>
      <line num="145" type="stmt" count="0"/>
      <line num="147" type="stmt" count="0"/>
      <metrics loc="148" ncloc="140" classes="0" methods="0" coveredmethods="0" conditionals="0" coveredconditionals="0" statements="97" coveredstatements="0" elements="97" coveredelements="0"/>
    </file>
    <package name="Test">
      <file name="jade.stream://data;&lt;?php  namespace Test;&#10; class Req {&#10;   public $text;&#10;   public function __construct($n = '') {&#10;     $this-&gt;text = &quot;test$n/n&quot;;&#10;   }&#10;   public function suffix($n) {&#10;     return new Req($n);&#10;   }&#10; }&#10; class Test {&#10;   static public function app() {&#10;     return new Req();&#10;   }&#10; }&#10; ?&gt; &lt;?php echo htmlspecialchars(/Test/Test::app()-&gt;text) ?&gt;&lt;?php echo htmlspecialchars(/Test/Test::app()-&gt;suffix(2)-&gt;text) ?&gt;">
        <class name="Req" namespace="Test">
          <metrics methods="2" coveredmethods="0" conditionals="0" coveredconditionals="0" statements="3" coveredstatements="0" elements="5" coveredelements="0"/>
        </class>
        <class name="Test" namespace="Test">
          <metrics methods="1" coveredmethods="0" conditionals="0" coveredconditionals="0" statements="1" coveredstatements="0" elements="2" coveredelements="0"/>
        </class>
        <line num="4" type="method" name="__construct" crap="2" count="0"/>
        <line num="5" type="stmt" count="0"/>
        <line num="6" type="stmt" count="0"/>
        <line num="7" type="method" name="suffix" crap="2" count="0"/>
        <line num="8" type="stmt" count="0"/>
        <line num="12" type="method" name="app" crap="2" count="0"/>
        <line num="13" type="stmt" count="0"/>
        <metrics loc="15" ncloc="15" classes="2" methods="3" coveredmethods="0" conditionals="0" coveredconditionals="0" statements="4" coveredstatements="0" elements="7" coveredelements="0"/>
      </file>
    </package>
    <file name="jade.stream://data;&lt;?php $GLOBALS['centered_mixin'] = function ($attributes = null,$title = null) {  ?&gt;&lt;div id='&lt;?php echo /Jade/Compiler::strval(/Jade/Compiler::getPropertyFromAnything($attributes, 'id')) ?&gt;' class='centered'&gt;&lt;?php if($title) { ?&gt;&lt;h1 class='&lt;?php echo (is_array($_a = /Jade/Compiler::getPropertyFromAnything($attributes, 'class'))) ? implode(&quot; &quot;, $_a) : $_a ?&gt;'&gt;&lt;?php echo htmlspecialchars($title) ?&gt;&lt;/h1&gt;&lt;?php } ?&gt;&lt;?php if(/Jade/Compiler::getPropertyFromAnything($attributes, 'href')) { ?&gt;&lt;div class='footer'&gt;&lt;a href='&lt;?php echo /Jade/Compiler::strval(/Jade/Compiler::getPropertyFromAnything($attributes, 'href')) ?&gt;'&gt;Back&lt;/a&gt;&lt;/div&gt;&lt;?php } ?&gt;&lt;/div&gt;&lt;?php }; ?&gt;&lt;?php $GLOBALS['main_mixin'] = function ($attributes = null,$title = null) {  ?&gt;&lt;div class='stretch'&gt;&lt;?php $GLOBALS['centered_mixin'](array_merge(array (&#10;  'class' =&gt; '/'highlight/'',&#10;  'attributes' =&gt; true,&#10;), (isset($attributes)) ? $attributes : array()), $title) ?&gt;&lt;/div&gt;&lt;?php }; ?&gt;&lt;?php $GLOBALS['bottom_mixin'] = function ($attributes = null) {  ?&gt;&lt;div attributes='attributes' class='bottom'&gt;&lt;/div&gt;&lt;?php }; ?&gt;&lt;body&gt;&lt;?php $GLOBALS['centered_mixin'](array_merge(array (&#10;  'id' =&gt; '/'First/'',&#10;), (isset($attributes)) ? $attributes : array())) ?&gt;&lt;?php $GLOBALS['centered_mixin'](array_merge(array (&#10;  'id' =&gt; '/'Second/'',&#10;), (isset($attributes)) ? $attributes : array()), 'Section 1') ?&gt;&lt;?php $GLOBALS['centered_mixin'](array_merge(array (&#10;  'id' =&gt; '/'Third/'',&#10;  'class' =&gt; '/'bar/'',&#10;  'href' =&gt; '/'menu.html/'',&#10;), (isset($attributes)) ? $attributes : array()), 'Section 2') ?&gt;&lt;?php $GLOBALS['main_mixin'](array_merge(array (&#10;  'href' =&gt; '/'#/'',&#10;), (isset($attributes)) ? $attributes : array()), 'Section 3') ?&gt;&lt;?php $GLOBALS['bottom_mixin'](array_merge(array (&#10;  'class' =&gt; '/'bar/'',&#10;  'name' =&gt; '/'end/'',&#10;  'id' =&gt; '/'Last/'',&#10;  'data-attr' =&gt; '/'baz/'',&#10;), (isset($attributes)) ? $attributes : array())) ?&gt;&lt;/body&gt;">
      <line num="2" type="stmt" count="0"/>
      <line num="3" type="stmt" count="0"/>
      <metrics loc="18" ncloc="16" classes="0" methods="0" coveredmethods="0" conditionals="0" coveredconditionals="0" statements="2" coveredstatements="0" elements="2" coveredelements="0"/>
    </file>
    <file name="jade.stream://data;&lt;?php $GLOBALS['foo_mixin'] = function ($attributes = null) {  ?&gt;&lt;p attributes='attributes' class='bar'&gt;One&lt;/p&gt;&lt;p attributes='attributes' class='baz quux'&gt;Two&lt;/p&gt;&lt;p attributes='attributes'&gt;Three&lt;/p&gt;&lt;p attributes='attributes' class='bar baz'&gt;Four&lt;/p&gt;&lt;?php }; ?&gt;&lt;body&gt;&lt;?php $GLOBALS['foo_mixin'](array_merge(array (&#10;  'class' =&gt; '/'hello/'',&#10;), (isset($attributes)) ? $attributes : array())) ?&gt;&lt;?php $GLOBALS['foo_mixin'](array_merge(array (&#10;  'id' =&gt; '/'world/'',&#10;), (isset($attributes)) ? $attributes : array())) ?&gt;&lt;?php $GLOBALS['foo_mixin'](array_merge(array (&#10;  'class' =&gt; '/'hello/'',&#10;  'id' =&gt; '/'world/'',&#10;), (isset($attributes)) ? $attributes : array())) ?&gt;&lt;?php $GLOBALS['foo_mixin'](array_merge(array (&#10;  'class' =&gt; '/'world/'',&#10;), (isset($attributes)) ? $attributes : array())) ?&gt;&lt;?php $GLOBALS['foo_mixin']((isset($attributes)) ? $attributes : array(), $class = &quot;hello&quot;) ?&gt;&lt;?php $GLOBALS['foo_mixin'](array_merge(array (&#10;  'class' =&gt; '&amp;quot;world&amp;quot;',&#10;), (isset($attributes)) ? $attributes : array())) ?&gt;&lt;?php $GLOBALS['foo_mixin']((isset($attributes)) ? $attributes : array()) ?&gt;&lt;/body&gt;">
      <metrics loc="11" ncloc="11" classes="0" methods="0" coveredmethods="0" conditionals="0" coveredconditionals="0" statements="0" coveredstatements="0" elements="0" coveredelements="0"/>
    </file>
    <file name="jade.stream://data;&lt;?php $GLOBALS['foo_mixin'] = function ($attributes = null) {  ?&gt;&lt;p&gt;bar&lt;/p&gt;&lt;?php }; ?&gt;&lt;?php $GLOBALS['foo_mixin']((isset($attributes)) ? $attributes : array()) ?&gt;&lt;body&gt;&lt;p&gt;:)&lt;/p&gt;&lt;script&gt;&#13;  console.log(&quot;foo/nbar&quot;)&#13;&lt;/script&gt;&lt;/body&gt;">
      <metrics loc="0" ncloc="0" classes="0" methods="0" coveredmethods="0" conditionals="0" coveredconditionals="0" statements="0" coveredstatements="0" elements="0" coveredelements="0"/>
    </file>
    <file name="jade.stream://data;&lt;?php $GLOBALS['form_mixin'] = function ($attributes = null,$method = null,$action = null) {  ?&gt;&lt;form method='&lt;?php echo /Jade/Compiler::strval($method) ?&gt;' action='&lt;?php echo /Jade/Compiler::strval($action) ?&gt;'&gt;&lt;?php $csrf_token_from_somewhere = 'hey' ?&gt;&lt;input type='hidden' name='_csrf' value='&lt;?php echo /Jade/Compiler::strval($csrf_token_from_somewhere) ?&gt;'/&gt;&lt;/form&gt;&lt;?php }; ?&gt;&lt;!DOCTYPE html&gt;&lt;html&gt;&lt;body&gt;&lt;?php $GLOBALS['form_mixin']((isset($attributes)) ? $attributes : array(), 'GET',  '/search') ?&gt;&lt;/body&gt;&lt;/html&gt;&lt;html&gt;&lt;body&gt;&lt;?php $GLOBALS['form_mixin']((isset($attributes)) ? $attributes : array(), 'POST',  '/search') ?&gt;&lt;/body&gt;&lt;/html&gt;&lt;html&gt;&lt;body&gt;&lt;?php $GLOBALS['form_mixin']((isset($attributes)) ? $attributes : array(), 'POST',  '/search') ?&gt;&lt;/body&gt;&lt;/html&gt;&lt;?php $GLOBALS['bar_mixin'] = function ($attributes = null) {  ?&gt;&lt;div id='bar'&gt;&lt;/div&gt;&lt;?php }; ?&gt;&lt;?php $GLOBALS['foo_mixin'] = function ($attributes = null) {  ?&gt;&lt;div id='foo'&gt;&lt;?php $GLOBALS['bar_mixin']((isset($attributes)) ? $attributes : array()) ?&gt;&lt;/div&gt;&lt;?php }; ?&gt;&lt;?php $GLOBALS['foo_mixin']((isset($attributes)) ? $attributes : array()) ?&gt;">
      <metrics loc="0" ncloc="0" classes="0" methods="0" coveredmethods="0" conditionals="0" coveredconditionals="0" statements="0" coveredstatements="0" elements="0" coveredelements="0"/>
    </file>
    <file name="jade.stream://data;&lt;?php $tag = 'p' ?&gt;&lt;?php $foo = 'bar' ?&gt;&lt;tag&gt;value&lt;/tag&gt;&lt;tag foo='bar'&gt;value&lt;/tag&gt;&lt;foo ? 'a' : 'li' something='something'&gt;here&lt;/foo ? 'a' : 'li'&gt;&lt;?php $GLOBALS['item_mixin'] = function ($attributes = null,$icon = null) {  ?&gt;&lt;li&gt;&lt;?php if(/Jade/Compiler::getPropertyFromAnything($attributes, 'href')) { ?&gt;&lt;a attributes='attributes'&gt;&lt;img src='&lt;?php echo /Jade/Compiler::strval($icon) ?&gt;' class='icon'/&gt;&lt;/a&gt;&lt;?php } else { ?&gt;&lt;span attributes='attributes'&gt;&lt;img src='&lt;?php echo /Jade/Compiler::strval($icon) ?&gt;' class='icon'/&gt;&lt;/span&gt;&lt;?php } ?&gt;&lt;/li&gt;&lt;?php }; ?&gt;&lt;ul&gt;&lt;?php $GLOBALS['item_mixin']((isset($attributes)) ? $attributes : array(), 'contact') ?&gt;&lt;?php $GLOBALS['item_mixin']((isset($attributes)) ? $attributes : array(), $href = '/contact') ?&gt;&lt;/ul&gt;">
      <metrics loc="0" ncloc="0" classes="0" methods="0" coveredmethods="0" conditionals="0" coveredconditionals="0" statements="0" coveredstatements="0" elements="0" coveredelements="0"/>
    </file>
    <metrics files="29" loc="3654" ncloc="2901" classes="24" methods="157" coveredmethods="0" conditionals="0" coveredconditionals="0" statements="1620" coveredstatements="0" elements="1777" coveredelements="0"/>
  </project>
</coverage>
